九月 27, 2017 3:21:47 下午 org.apache.catalina.core.AprLifecycleListener init
信息: The APR based Apache Tomcat Native library which allows optimal performance in production environments was not found on the java.library.path: C:\Program Files\Java\jdk1.8.0_144\bin;C:\WINDOWS\Sun\Java\bin;C:\WINDOWS\system32;C:\WINDOWS;C:\ProgramData\Oracle\Java\javapath;C:\WINDOWS\system32;C:\WINDOWS;C:\WINDOWS\System32\Wbem;C:\WINDOWS\System32\WindowsPowerShell\v1.0\;C:\Program Files\Java\jdk1.8.0_144\bin;C:\Program Files\Java\jdk1.8.0_144\jre\bin;C:\Users\DELL\AppData\Local\Microsoft\WindowsApps;.
九月 27, 2017 3:21:48 下午 org.apache.coyote.http11.Http11Protocol init
信息: Initializing Coyote HTTP/1.1 on http-8080
九月 27, 2017 3:21:48 下午 org.apache.catalina.startup.Catalina load
信息: Initialization processed in 1330 ms
九月 27, 2017 3:21:48 下午 org.apache.catalina.core.StandardService start
信息: Starting service Catalina
九月 27, 2017 3:21:48 下午 org.apache.catalina.core.StandardEngine start
信息: Starting Servlet Engine: Apache Tomcat/6.0.29
九月 27, 2017 3:21:48 下午 org.apache.catalina.startup.HostConfig deployDescriptor
信息: Deploying configuration descriptor pentaho.xml
九月 27, 2017 3:22:06 下午 org.apache.catalina.startup.ContextConfig validateSecurityRoles
信息: WARNING: Security role name PENTAHO_ADMIN used in an <auth-constraint> without being defined in a <security-role>
九月 27, 2017 3:22:47 下午 org.apache.catalina.startup.HostConfig deployDirectory
信息: Deploying web application directory pentaho-style
九月 27, 2017 3:22:47 下午 org.apache.catalina.startup.HostConfig deployDirectory
信息: Deploying web application directory ROOT
九月 27, 2017 3:22:47 下午 org.apache.catalina.startup.HostConfig deployDirectory
信息: Deploying web application directory sw-style
九月 27, 2017 3:22:47 下午 org.apache.coyote.http11.Http11Protocol start
信息: Starting Coyote HTTP/1.1 on http-8080
九月 27, 2017 3:22:48 下午 org.apache.jk.common.ChannelSocket init
信息: JK: ajp13 listening on /0.0.0.0:8009
九月 27, 2017 3:22:48 下午 org.apache.jk.server.JkMain start
信息: Jk running ID=0 time=0/42  config=null
九月 27, 2017 3:22:48 下午 org.apache.catalina.startup.Catalina start
信息: Server startup in 59566 ms
