九月 26, 2017 9:11:25 上午 org.apache.catalina.core.AprLifecycleListener init
信息: The APR based Apache Tomcat Native library which allows optimal performance in production environments was not found on the java.library.path: C:\Program Files\Java\jdk1.8.0_144\bin;C:\WINDOWS\Sun\Java\bin;C:\WINDOWS\system32;C:\WINDOWS;C:\ProgramData\Oracle\Java\javapath;C:\WINDOWS\system32;C:\WINDOWS;C:\WINDOWS\System32\Wbem;C:\WINDOWS\System32\WindowsPowerShell\v1.0\;C:\Program Files\Java\jdk1.8.0_144\bin;C:\Program Files\Java\jdk1.8.0_144\jre\bin;C:\Users\DELL\AppData\Local\Microsoft\WindowsApps;.
九月 26, 2017 9:11:26 上午 org.apache.coyote.http11.Http11Protocol init
信息: Initializing Coyote HTTP/1.1 on http-8080
九月 26, 2017 9:11:26 上午 org.apache.catalina.startup.Catalina load
信息: Initialization processed in 3074 ms
九月 26, 2017 9:11:27 上午 org.apache.catalina.core.StandardService start
信息: Starting service Catalina
九月 26, 2017 9:11:27 上午 org.apache.catalina.core.StandardEngine start
信息: Starting Servlet Engine: Apache Tomcat/6.0.29
九月 26, 2017 9:11:27 上午 org.apache.catalina.startup.HostConfig deployDescriptor
信息: Deploying configuration descriptor pentaho.xml
九月 26, 2017 9:11:48 上午 org.apache.catalina.startup.ContextConfig validateSecurityRoles
信息: WARNING: Security role name PENTAHO_ADMIN used in an <auth-constraint> without being defined in a <security-role>
九月 26, 2017 9:12:33 上午 org.apache.catalina.startup.HostConfig deployDirectory
信息: Deploying web application directory pentaho-style
九月 26, 2017 9:12:33 上午 org.apache.catalina.startup.HostConfig deployDirectory
信息: Deploying web application directory ROOT
九月 26, 2017 9:12:33 上午 org.apache.catalina.startup.HostConfig deployDirectory
信息: Deploying web application directory sw-style
九月 26, 2017 9:12:33 上午 org.apache.coyote.http11.Http11Protocol start
信息: Starting Coyote HTTP/1.1 on http-8080
九月 26, 2017 9:12:33 上午 org.apache.jk.common.ChannelSocket init
信息: JK: ajp13 listening on /0.0.0.0:8009
九月 26, 2017 9:12:33 上午 org.apache.jk.server.JkMain start
信息: Jk running ID=0 time=0/51  config=null
九月 26, 2017 9:12:33 上午 org.apache.catalina.startup.Catalina start
信息: Server startup in 67016 ms
九月 26, 2017 9:15:16 上午 org.apache.catalina.core.AprLifecycleListener init
信息: The APR based Apache Tomcat Native library which allows optimal performance in production environments was not found on the java.library.path: C:\Program Files\Java\jdk1.8.0_144\bin;C:\WINDOWS\Sun\Java\bin;C:\WINDOWS\system32;C:\WINDOWS;C:\ProgramData\Oracle\Java\javapath;C:\WINDOWS\system32;C:\WINDOWS;C:\WINDOWS\System32\Wbem;C:\WINDOWS\System32\WindowsPowerShell\v1.0\;C:\Program Files\Java\jdk1.8.0_144\bin;C:\Program Files\Java\jdk1.8.0_144\jre\bin;C:\Users\DELL\AppData\Local\Microsoft\WindowsApps;.
九月 26, 2017 9:15:16 上午 org.apache.coyote.http11.Http11Protocol init
信息: Initializing Coyote HTTP/1.1 on http-8080
九月 26, 2017 9:15:16 上午 org.apache.catalina.startup.Catalina load
信息: Initialization processed in 784 ms
九月 26, 2017 9:15:16 上午 org.apache.catalina.core.StandardService start
信息: Starting service Catalina
九月 26, 2017 9:15:16 上午 org.apache.catalina.core.StandardEngine start
信息: Starting Servlet Engine: Apache Tomcat/6.0.29
九月 26, 2017 9:15:16 上午 org.apache.catalina.startup.HostConfig deployDescriptor
信息: Deploying configuration descriptor pentaho.xml
九月 26, 2017 9:15:17 上午 org.apache.catalina.startup.ContextConfig validateSecurityRoles
信息: WARNING: Security role name PENTAHO_ADMIN used in an <auth-constraint> without being defined in a <security-role>
九月 26, 2017 9:15:35 上午 org.apache.catalina.startup.HostConfig deployDirectory
信息: Deploying web application directory pentaho-style
九月 26, 2017 9:15:35 上午 org.apache.catalina.startup.HostConfig deployDirectory
信息: Deploying web application directory ROOT
九月 26, 2017 9:15:35 上午 org.apache.catalina.startup.HostConfig deployDirectory
信息: Deploying web application directory sw-style
九月 26, 2017 9:15:35 上午 org.apache.coyote.http11.Http11Protocol start
信息: Starting Coyote HTTP/1.1 on http-8080
九月 26, 2017 9:15:35 上午 org.apache.jk.common.ChannelSocket init
信息: JK: ajp13 listening on /0.0.0.0:8009
九月 26, 2017 9:15:36 上午 org.apache.jk.server.JkMain start
信息: Jk running ID=0 time=0/36  config=null
九月 26, 2017 9:15:36 上午 org.apache.catalina.startup.Catalina start
信息: Server startup in 19645 ms
九月 26, 2017 9:31:21 上午 org.apache.catalina.core.AprLifecycleListener init
信息: The APR based Apache Tomcat Native library which allows optimal performance in production environments was not found on the java.library.path: C:\Program Files\Java\jdk1.8.0_144\bin;C:\WINDOWS\Sun\Java\bin;C:\WINDOWS\system32;C:\WINDOWS;C:\ProgramData\Oracle\Java\javapath;C:\WINDOWS\system32;C:\WINDOWS;C:\WINDOWS\System32\Wbem;C:\WINDOWS\System32\WindowsPowerShell\v1.0\;C:\Program Files\Java\jdk1.8.0_144\bin;C:\Program Files\Java\jdk1.8.0_144\jre\bin;C:\Users\DELL\AppData\Local\Microsoft\WindowsApps;.
九月 26, 2017 9:31:21 上午 org.apache.coyote.http11.Http11Protocol init
信息: Initializing Coyote HTTP/1.1 on http-8080
九月 26, 2017 9:31:21 上午 org.apache.catalina.startup.Catalina load
信息: Initialization processed in 853 ms
九月 26, 2017 9:31:21 上午 org.apache.catalina.core.StandardService start
信息: Starting service Catalina
九月 26, 2017 9:31:21 上午 org.apache.catalina.core.StandardEngine start
信息: Starting Servlet Engine: Apache Tomcat/6.0.29
九月 26, 2017 9:31:21 上午 org.apache.catalina.startup.HostConfig deployDescriptor
信息: Deploying configuration descriptor pentaho.xml
九月 26, 2017 9:31:33 上午 org.apache.catalina.startup.ContextConfig validateSecurityRoles
信息: WARNING: Security role name PENTAHO_ADMIN used in an <auth-constraint> without being defined in a <security-role>
九月 26, 2017 9:31:59 上午 org.apache.catalina.startup.HostConfig deployDirectory
信息: Deploying web application directory pentaho-style
九月 26, 2017 9:32:00 上午 org.apache.catalina.startup.HostConfig deployDirectory
信息: Deploying web application directory ROOT
九月 26, 2017 9:32:00 上午 org.apache.catalina.startup.HostConfig deployDirectory
信息: Deploying web application directory sw-style
九月 26, 2017 9:32:00 上午 org.apache.coyote.http11.Http11Protocol start
信息: Starting Coyote HTTP/1.1 on http-8080
九月 26, 2017 9:32:00 上午 org.apache.jk.common.ChannelSocket init
信息: JK: ajp13 listening on /0.0.0.0:8009
九月 26, 2017 9:32:00 上午 org.apache.jk.server.JkMain start
信息: Jk running ID=0 time=0/29  config=null
九月 26, 2017 9:32:00 上午 org.apache.catalina.startup.Catalina start
信息: Server startup in 38372 ms
九月 26, 2017 9:33:51 上午 org.apache.catalina.core.AprLifecycleListener init
信息: The APR based Apache Tomcat Native library which allows optimal performance in production environments was not found on the java.library.path: C:\Program Files\Java\jdk1.8.0_144\bin;C:\WINDOWS\Sun\Java\bin;C:\WINDOWS\system32;C:\WINDOWS;C:\ProgramData\Oracle\Java\javapath;C:\WINDOWS\system32;C:\WINDOWS;C:\WINDOWS\System32\Wbem;C:\WINDOWS\System32\WindowsPowerShell\v1.0\;C:\Program Files\Java\jdk1.8.0_144\bin;C:\Program Files\Java\jdk1.8.0_144\jre\bin;C:\Users\DELL\AppData\Local\Microsoft\WindowsApps;.
九月 26, 2017 9:33:51 上午 org.apache.coyote.http11.Http11Protocol init
信息: Initializing Coyote HTTP/1.1 on http-8080
九月 26, 2017 9:33:51 上午 org.apache.catalina.startup.Catalina load
信息: Initialization processed in 813 ms
九月 26, 2017 9:33:51 上午 org.apache.catalina.core.StandardService start
信息: Starting service Catalina
九月 26, 2017 9:33:51 上午 org.apache.catalina.core.StandardEngine start
信息: Starting Servlet Engine: Apache Tomcat/6.0.29
九月 26, 2017 9:33:51 上午 org.apache.catalina.startup.HostConfig deployDescriptor
信息: Deploying configuration descriptor pentaho.xml
九月 26, 2017 9:33:52 上午 org.apache.catalina.startup.ContextConfig validateSecurityRoles
信息: WARNING: Security role name PENTAHO_ADMIN used in an <auth-constraint> without being defined in a <security-role>
九月 26, 2017 9:33:58 上午 org.apache.catalina.core.StandardContext start
严重: Error listenerStart
九月 26, 2017 9:33:58 上午 org.apache.catalina.core.StandardContext start
严重: Context [/pentaho] startup failed due to previous errors
九月 26, 2017 9:33:58 上午 org.apache.catalina.loader.WebappClassLoader clearReferencesJdbc
严重: The web application [/pentaho] registered the JBDC driver [mondrian.olap4j.MondrianOlap4jDriver] but failed to unregister it when the web application was stopped. To prevent a memory leak, the JDBC Driver has been forcibly unregistered.
九月 26, 2017 9:33:58 上午 org.apache.catalina.loader.WebappClassLoader clearReferencesThreads
严重: The web application [/pentaho] appears to have started a thread named [HSQLDB Timer @17f100e2] but has failed to stop it. This is very likely to create a memory leak.
九月 26, 2017 9:33:59 上午 org.apache.catalina.startup.HostConfig deployDirectory
信息: Deploying web application directory pentaho-style
九月 26, 2017 9:33:59 上午 org.apache.catalina.startup.HostConfig deployDirectory
信息: Deploying web application directory ROOT
九月 26, 2017 9:33:59 上午 org.apache.catalina.startup.HostConfig deployDirectory
信息: Deploying web application directory sw-style
九月 26, 2017 9:33:59 上午 org.apache.coyote.http11.Http11Protocol start
信息: Starting Coyote HTTP/1.1 on http-8080
九月 26, 2017 9:33:59 上午 org.apache.jk.common.ChannelSocket init
信息: JK: ajp13 listening on /0.0.0.0:8009
九月 26, 2017 9:33:59 上午 org.apache.jk.server.JkMain start
信息: Jk running ID=0 time=0/31  config=null
九月 26, 2017 9:33:59 上午 org.apache.catalina.startup.Catalina start
信息: Server startup in 7731 ms
九月 26, 2017 9:34:55 上午 org.apache.catalina.core.AprLifecycleListener init
信息: The APR based Apache Tomcat Native library which allows optimal performance in production environments was not found on the java.library.path: C:\Program Files\Java\jdk1.8.0_144\bin;C:\WINDOWS\Sun\Java\bin;C:\WINDOWS\system32;C:\WINDOWS;C:\ProgramData\Oracle\Java\javapath;C:\WINDOWS\system32;C:\WINDOWS;C:\WINDOWS\System32\Wbem;C:\WINDOWS\System32\WindowsPowerShell\v1.0\;C:\Program Files\Java\jdk1.8.0_144\bin;C:\Program Files\Java\jdk1.8.0_144\jre\bin;C:\Users\DELL\AppData\Local\Microsoft\WindowsApps;.
九月 26, 2017 9:34:55 上午 org.apache.coyote.http11.Http11Protocol init
信息: Initializing Coyote HTTP/1.1 on http-8080
九月 26, 2017 9:34:55 上午 org.apache.catalina.startup.Catalina load
信息: Initialization processed in 802 ms
九月 26, 2017 9:34:55 上午 org.apache.catalina.core.StandardService start
信息: Starting service Catalina
九月 26, 2017 9:34:55 上午 org.apache.catalina.core.StandardEngine start
信息: Starting Servlet Engine: Apache Tomcat/6.0.29
九月 26, 2017 9:34:55 上午 org.apache.catalina.startup.HostConfig deployDescriptor
信息: Deploying configuration descriptor pentaho.xml
九月 26, 2017 9:34:56 上午 org.apache.catalina.startup.ContextConfig validateSecurityRoles
信息: WARNING: Security role name PENTAHO_ADMIN used in an <auth-constraint> without being defined in a <security-role>
九月 26, 2017 9:35:01 上午 org.apache.catalina.startup.Catalina stopServer
严重: Catalina.stop: 
java.net.ConnectException: Connection refused: connect
	at java.net.DualStackPlainSocketImpl.connect0(Native Method)
	at java.net.DualStackPlainSocketImpl.socketConnect(DualStackPlainSocketImpl.java:79)
	at java.net.AbstractPlainSocketImpl.doConnect(AbstractPlainSocketImpl.java:350)
	at java.net.AbstractPlainSocketImpl.connectToAddress(AbstractPlainSocketImpl.java:206)
	at java.net.AbstractPlainSocketImpl.connect(AbstractPlainSocketImpl.java:188)
	at java.net.PlainSocketImpl.connect(PlainSocketImpl.java:172)
	at java.net.SocksSocketImpl.connect(SocksSocketImpl.java:392)
	at java.net.Socket.connect(Socket.java:589)
	at java.net.Socket.connect(Socket.java:538)
	at java.net.Socket.<init>(Socket.java:434)
	at java.net.Socket.<init>(Socket.java:211)
	at org.apache.catalina.startup.Catalina.stopServer(Catalina.java:408)
	at sun.reflect.NativeMethodAccessorImpl.invoke0(Native Method)
	at sun.reflect.NativeMethodAccessorImpl.invoke(NativeMethodAccessorImpl.java:62)
	at sun.reflect.DelegatingMethodAccessorImpl.invoke(DelegatingMethodAccessorImpl.java:43)
	at java.lang.reflect.Method.invoke(Method.java:498)
	at org.apache.catalina.startup.Bootstrap.stopServer(Bootstrap.java:338)
	at org.apache.catalina.startup.Bootstrap.main(Bootstrap.java:416)

九月 26, 2017 9:35:04 上午 org.apache.catalina.startup.Catalina stopServer
严重: Catalina.stop: 
java.net.ConnectException: Connection refused: connect
	at java.net.DualStackPlainSocketImpl.connect0(Native Method)
	at java.net.DualStackPlainSocketImpl.socketConnect(DualStackPlainSocketImpl.java:79)
	at java.net.AbstractPlainSocketImpl.doConnect(AbstractPlainSocketImpl.java:350)
	at java.net.AbstractPlainSocketImpl.connectToAddress(AbstractPlainSocketImpl.java:206)
	at java.net.AbstractPlainSocketImpl.connect(AbstractPlainSocketImpl.java:188)
	at java.net.PlainSocketImpl.connect(PlainSocketImpl.java:172)
	at java.net.SocksSocketImpl.connect(SocksSocketImpl.java:392)
	at java.net.Socket.connect(Socket.java:589)
	at java.net.Socket.connect(Socket.java:538)
	at java.net.Socket.<init>(Socket.java:434)
	at java.net.Socket.<init>(Socket.java:211)
	at org.apache.catalina.startup.Catalina.stopServer(Catalina.java:408)
	at sun.reflect.NativeMethodAccessorImpl.invoke0(Native Method)
	at sun.reflect.NativeMethodAccessorImpl.invoke(NativeMethodAccessorImpl.java:62)
	at sun.reflect.DelegatingMethodAccessorImpl.invoke(DelegatingMethodAccessorImpl.java:43)
	at java.lang.reflect.Method.invoke(Method.java:498)
	at org.apache.catalina.startup.Bootstrap.stopServer(Bootstrap.java:338)
	at org.apache.catalina.startup.Bootstrap.main(Bootstrap.java:416)

九月 26, 2017 9:35:08 上午 org.apache.catalina.core.AprLifecycleListener init
信息: The APR based Apache Tomcat Native library which allows optimal performance in production environments was not found on the java.library.path: C:\Program Files\Java\jdk1.8.0_144\bin;C:\WINDOWS\Sun\Java\bin;C:\WINDOWS\system32;C:\WINDOWS;C:\ProgramData\Oracle\Java\javapath;C:\WINDOWS\system32;C:\WINDOWS;C:\WINDOWS\System32\Wbem;C:\WINDOWS\System32\WindowsPowerShell\v1.0\;C:\Program Files\Java\jdk1.8.0_144\bin;C:\Program Files\Java\jdk1.8.0_144\jre\bin;C:\Users\DELL\AppData\Local\Microsoft\WindowsApps;.
九月 26, 2017 9:35:08 上午 org.apache.coyote.http11.Http11Protocol init
信息: Initializing Coyote HTTP/1.1 on http-8080
九月 26, 2017 9:35:08 上午 org.apache.catalina.startup.Catalina load
信息: Initialization processed in 779 ms
九月 26, 2017 9:35:08 上午 org.apache.catalina.core.StandardService start
信息: Starting service Catalina
九月 26, 2017 9:35:08 上午 org.apache.catalina.core.StandardEngine start
信息: Starting Servlet Engine: Apache Tomcat/6.0.29
九月 26, 2017 9:35:08 上午 org.apache.catalina.startup.HostConfig deployDescriptor
信息: Deploying configuration descriptor pentaho.xml
九月 26, 2017 9:35:09 上午 org.apache.catalina.startup.ContextConfig validateSecurityRoles
信息: WARNING: Security role name PENTAHO_ADMIN used in an <auth-constraint> without being defined in a <security-role>
九月 26, 2017 9:35:27 上午 org.apache.catalina.startup.HostConfig deployDirectory
信息: Deploying web application directory pentaho-style
九月 26, 2017 9:35:27 上午 org.apache.catalina.startup.HostConfig deployDirectory
信息: Deploying web application directory ROOT
九月 26, 2017 9:35:27 上午 org.apache.catalina.startup.HostConfig deployDirectory
信息: Deploying web application directory sw-style
九月 26, 2017 9:35:27 上午 org.apache.coyote.http11.Http11Protocol start
信息: Starting Coyote HTTP/1.1 on http-8080
九月 26, 2017 9:35:27 上午 org.apache.jk.common.ChannelSocket init
信息: JK: ajp13 listening on /0.0.0.0:8009
九月 26, 2017 9:35:27 上午 org.apache.jk.server.JkMain start
信息: Jk running ID=0 time=0/37  config=null
九月 26, 2017 9:35:27 上午 org.apache.catalina.startup.Catalina start
信息: Server startup in 19027 ms
九月 26, 2017 9:38:34 上午 org.apache.coyote.http11.Http11Protocol pause
信息: Pausing Coyote HTTP/1.1 on http-8080
九月 26, 2017 9:38:35 上午 org.apache.catalina.core.StandardService stop
信息: Stopping service Catalina
九月 26, 2017 9:38:36 上午 org.apache.catalina.loader.WebappClassLoader clearReferencesJdbc
严重: The web application [/pentaho] registered the JBDC driver [mondrian.olap4j.MondrianOlap4jDriver] but failed to unregister it when the web application was stopped. To prevent a memory leak, the JDBC Driver has been forcibly unregistered.
九月 26, 2017 9:38:36 上午 org.apache.catalina.loader.WebappClassLoader clearReferencesThreads
严重: The web application [/pentaho] appears to have started a thread named [HSQLDB Timer @105b62ce] but has failed to stop it. This is very likely to create a memory leak.
九月 26, 2017 9:38:36 上午 org.apache.catalina.loader.WebappClassLoader clearReferencesThreads
严重: The web application [/pentaho] appears to have started a thread named [Timer-0] but has failed to stop it. This is very likely to create a memory leak.
九月 26, 2017 9:38:36 上午 org.apache.catalina.loader.WebappClassLoader clearReferencesThreads
严重: The web application [/pentaho] appears to have started a thread named [org.apache.commons.vfs.cache.SoftRefFilesCache$SoftRefReleaseThread] but has failed to stop it. This is very likely to create a memory leak.
九月 26, 2017 9:38:36 上午 org.apache.catalina.loader.WebappClassLoader clearReferencesThreads
严重: The web application [/pentaho] appears to have started a thread named [net.sf.ehcache.CacheManager@2f897dab] but has failed to stop it. This is very likely to create a memory leak.
九月 26, 2017 9:38:36 上午 org.apache.catalina.loader.WebappClassLoader clearReferencesThreads
严重: The web application [/pentaho] appears to have started a thread named [Store pentaho-geo-country Spool Thread] but has failed to stop it. This is very likely to create a memory leak.
九月 26, 2017 9:38:36 上午 org.apache.catalina.loader.WebappClassLoader clearReferencesThreads
严重: The web application [/pentaho] appears to have started a thread named [Store mondrian-catalog-cache Spool Thread] but has failed to stop it. This is very likely to create a memory leak.
九月 26, 2017 9:38:36 上午 org.apache.catalina.loader.WebappClassLoader clearReferencesThreads
严重: The web application [/pentaho] appears to have started a thread named [Store pentahoCache Spool Thread] but has failed to stop it. This is very likely to create a memory leak.
九月 26, 2017 9:38:36 上午 org.apache.catalina.loader.WebappClassLoader clearReferencesThreads
严重: The web application [/pentaho] appears to have started a thread named [Store pentaho-geo-countrysecondarysubdivision Spool Thread] but has failed to stop it. This is very likely to create a memory leak.
九月 26, 2017 9:38:36 上午 org.apache.catalina.loader.WebappClassLoader clearReferencesThreads
严重: The web application [/pentaho] appears to have started a thread named [Store pentaho-geo-postalcode Spool Thread] but has failed to stop it. This is very likely to create a memory leak.
九月 26, 2017 9:38:36 上午 org.apache.catalina.loader.WebappClassLoader clearReferencesThreads
严重: The web application [/pentaho] appears to have started a thread named [Store pentaho-geo-countrysubdivisioncode Spool Thread] but has failed to stop it. This is very likely to create a memory leak.
九月 26, 2017 9:38:36 上午 org.apache.catalina.loader.WebappClassLoader clearReferencesThreads
严重: The web application [/pentaho] appears to have started a thread named [Store pentaho-geo-countrysubdivision Spool Thread] but has failed to stop it. This is very likely to create a memory leak.
九月 26, 2017 9:38:36 上午 org.apache.catalina.loader.WebappClassLoader clearReferencesThreads
严重: The web application [/pentaho] appears to have started a thread named [Store pentaho-geo-countrycode Spool Thread] but has failed to stop it. This is very likely to create a memory leak.
九月 26, 2017 9:38:36 上午 org.apache.catalina.loader.WebappClassLoader clearReferencesThreads
严重: The web application [/pentaho] appears to have started a thread named [Store pentaho-geo-countrycode3 Spool Thread] but has failed to stop it. This is very likely to create a memory leak.
九月 26, 2017 9:38:36 上午 org.apache.catalina.loader.WebappClassLoader clearReferencesThreads
严重: The web application [/pentaho] appears to have started a thread named [Store libloader-data Spool Thread] but has failed to stop it. This is very likely to create a memory leak.
九月 26, 2017 9:38:36 上午 org.apache.catalina.loader.WebappClassLoader clearReferencesThreads
严重: The web application [/pentaho] appears to have started a thread named [Store pentaho-geo-municipality Spool Thread] but has failed to stop it. This is very likely to create a memory leak.
九月 26, 2017 9:38:36 上午 org.apache.catalina.loader.WebappClassLoader clearReferencesThreads
严重: The web application [/pentaho] appears to have started a thread named [Store org.pentaho.platform.repository.solution.dbbased.RepositoryFile.accessControls Spool Thread] but has failed to stop it. This is very likely to create a memory leak.
九月 26, 2017 9:38:36 上午 org.apache.catalina.loader.WebappClassLoader clearReferencesThreads
严重: The web application [/pentaho] appears to have started a thread named [Store org.pentaho.platform.repository.solution.dbbased.RepositoryFile Spool Thread] but has failed to stop it. This is very likely to create a memory leak.
九月 26, 2017 9:38:36 上午 org.apache.catalina.loader.WebappClassLoader clearReferencesThreads
严重: The web application [/pentaho] appears to have started a thread named [Store org.pentaho.platform.repository.solution.dbbased.RepositoryFile.childrenFiles Spool Thread] but has failed to stop it. This is very likely to create a memory leak.
九月 26, 2017 9:38:36 上午 org.apache.catalina.loader.WebappClassLoader clearReferencesThreads
严重: The web application [/pentaho] appears to have started a thread named [net.sf.ehcache.CacheManager@2e71240b] but has failed to stop it. This is very likely to create a memory leak.
九月 26, 2017 9:38:36 上午 org.apache.catalina.loader.WebappClassLoader clearReferencesThreads
严重: The web application [/pentaho] appears to have started a thread named [Store pentaho-geo-countrycode Spool Thread] but has failed to stop it. This is very likely to create a memory leak.
九月 26, 2017 9:38:36 上午 org.apache.catalina.loader.WebappClassLoader clearReferencesThreads
严重: The web application [/pentaho] appears to have started a thread named [Store pentaho-geo-countrycode3 Spool Thread] but has failed to stop it. This is very likely to create a memory leak.
九月 26, 2017 9:38:36 上午 org.apache.catalina.loader.WebappClassLoader clearReferencesThreads
严重: The web application [/pentaho] appears to have started a thread named [Store pentaho-geo-countrysubdivisioncode Spool Thread] but has failed to stop it. This is very likely to create a memory leak.
九月 26, 2017 9:38:36 上午 org.apache.catalina.loader.WebappClassLoader clearReferencesThreads
严重: The web application [/pentaho] appears to have started a thread named [Store pentaho-geo-municipality Spool Thread] but has failed to stop it. This is very likely to create a memory leak.
九月 26, 2017 9:38:36 上午 org.apache.catalina.loader.WebappClassLoader clearReferencesThreads
严重: The web application [/pentaho] appears to have started a thread named [Store libloader-data Spool Thread] but has failed to stop it. This is very likely to create a memory leak.
九月 26, 2017 9:38:36 上午 org.apache.catalina.loader.WebappClassLoader clearReferencesThreads
严重: The web application [/pentaho] appears to have started a thread named [Store org.pentaho.platform.repository.solution.dbbased.RepositoryFile.childrenFiles Spool Thread] but has failed to stop it. This is very likely to create a memory leak.
九月 26, 2017 9:38:36 上午 org.apache.catalina.loader.WebappClassLoader clearReferencesThreads
严重: The web application [/pentaho] appears to have started a thread named [Store pentaho-geo-country Spool Thread] but has failed to stop it. This is very likely to create a memory leak.
九月 26, 2017 9:38:36 上午 org.apache.catalina.loader.WebappClassLoader clearReferencesThreads
严重: The web application [/pentaho] appears to have started a thread named [Store pentaho-geo-countrysubdivision Spool Thread] but has failed to stop it. This is very likely to create a memory leak.
九月 26, 2017 9:38:36 上午 org.apache.catalina.loader.WebappClassLoader clearReferencesThreads
严重: The web application [/pentaho] appears to have started a thread named [Store mondrian-catalog-cache Spool Thread] but has failed to stop it. This is very likely to create a memory leak.
九月 26, 2017 9:38:36 上午 org.apache.catalina.loader.WebappClassLoader clearReferencesThreads
严重: The web application [/pentaho] appears to have started a thread named [Store pentaho-geo-countrysecondarysubdivision Spool Thread] but has failed to stop it. This is very likely to create a memory leak.
九月 26, 2017 9:38:36 上午 org.apache.catalina.loader.WebappClassLoader clearReferencesThreads
严重: The web application [/pentaho] appears to have started a thread named [Store pentahoCache Spool Thread] but has failed to stop it. This is very likely to create a memory leak.
九月 26, 2017 9:38:36 上午 org.apache.catalina.loader.WebappClassLoader clearReferencesThreads
严重: The web application [/pentaho] appears to have started a thread named [Store org.pentaho.platform.repository.solution.dbbased.RepositoryFile.accessControls Spool Thread] but has failed to stop it. This is very likely to create a memory leak.
九月 26, 2017 9:38:36 上午 org.apache.catalina.loader.WebappClassLoader clearReferencesThreads
严重: The web application [/pentaho] appears to have started a thread named [Store pentaho-geo-postalcode Spool Thread] but has failed to stop it. This is very likely to create a memory leak.
九月 26, 2017 9:38:36 上午 org.apache.catalina.loader.WebappClassLoader clearReferencesThreads
严重: The web application [/pentaho] appears to have started a thread named [Store org.pentaho.platform.repository.solution.dbbased.RepositoryFile Spool Thread] but has failed to stop it. This is very likely to create a memory leak.
九月 26, 2017 9:38:36 上午 org.apache.catalina.loader.WebappClassLoader clearReferencesThreads
严重: The web application [/pentaho] appears to have started a thread named [Telemetry Event Sender Thread] but has failed to stop it. This is very likely to create a memory leak.
九月 26, 2017 9:38:36 上午 org.apache.catalina.loader.WebappClassLoader clearReferencesThreads
严重: The web application [/pentaho] appears to have started a thread named [Telemetry Event keeper Thread] but has failed to stop it. This is very likely to create a memory leak.
九月 26, 2017 9:38:36 上午 org.apache.catalina.loader.WebappClassLoader clearReferencesThreads
严重: The web application [/pentaho] appears to have started a thread named [net.sf.ehcache.CacheManager@417751d3] but has failed to stop it. This is very likely to create a memory leak.
九月 26, 2017 9:38:36 上午 org.apache.catalina.loader.WebappClassLoader clearReferencesThreads
严重: The web application [/pentaho] appears to have started a thread named [Store pentaho-geo-countrysubdivision Spool Thread] but has failed to stop it. This is very likely to create a memory leak.
九月 26, 2017 9:38:36 上午 org.apache.catalina.loader.WebappClassLoader clearReferencesThreads
严重: The web application [/pentaho] appears to have started a thread named [Store org.pentaho.platform.repository.solution.dbbased.RepositoryFile.accessControls Spool Thread] but has failed to stop it. This is very likely to create a memory leak.
九月 26, 2017 9:38:36 上午 org.apache.catalina.loader.WebappClassLoader clearReferencesThreads
严重: The web application [/pentaho] appears to have started a thread named [Store mondrian-catalog-cache Spool Thread] but has failed to stop it. This is very likely to create a memory leak.
九月 26, 2017 9:38:36 上午 org.apache.catalina.loader.WebappClassLoader clearReferencesThreads
严重: The web application [/pentaho] appears to have started a thread named [Store pentaho-geo-countrysubdivisioncode Spool Thread] but has failed to stop it. This is very likely to create a memory leak.
九月 26, 2017 9:38:36 上午 org.apache.catalina.loader.WebappClassLoader clearReferencesThreads
严重: The web application [/pentaho] appears to have started a thread named [Store org.pentaho.platform.repository.solution.dbbased.RepositoryFile Spool Thread] but has failed to stop it. This is very likely to create a memory leak.
九月 26, 2017 9:38:36 上午 org.apache.catalina.loader.WebappClassLoader clearReferencesThreads
严重: The web application [/pentaho] appears to have started a thread named [Store pentaho-geo-municipality Spool Thread] but has failed to stop it. This is very likely to create a memory leak.
九月 26, 2017 9:38:36 上午 org.apache.catalina.loader.WebappClassLoader clearReferencesThreads
严重: The web application [/pentaho] appears to have started a thread named [Store libloader-data Spool Thread] but has failed to stop it. This is very likely to create a memory leak.
九月 26, 2017 9:38:36 上午 org.apache.catalina.loader.WebappClassLoader clearReferencesThreads
严重: The web application [/pentaho] appears to have started a thread named [Store org.pentaho.platform.repository.solution.dbbased.RepositoryFile.childrenFiles Spool Thread] but has failed to stop it. This is very likely to create a memory leak.
九月 26, 2017 9:38:36 上午 org.apache.catalina.loader.WebappClassLoader clearReferencesThreads
严重: The web application [/pentaho] appears to have started a thread named [Store pentaho-geo-countrysecondarysubdivision Spool Thread] but has failed to stop it. This is very likely to create a memory leak.
九月 26, 2017 9:38:36 上午 org.apache.catalina.loader.WebappClassLoader clearReferencesThreads
严重: The web application [/pentaho] appears to have started a thread named [Store pentaho-geo-country Spool Thread] but has failed to stop it. This is very likely to create a memory leak.
九月 26, 2017 9:38:36 上午 org.apache.catalina.loader.WebappClassLoader clearReferencesThreads
严重: The web application [/pentaho] appears to have started a thread named [Store pentaho-geo-postalcode Spool Thread] but has failed to stop it. This is very likely to create a memory leak.
九月 26, 2017 9:38:36 上午 org.apache.catalina.loader.WebappClassLoader clearReferencesThreads
严重: The web application [/pentaho] appears to have started a thread named [Store pentaho-geo-countrycode Spool Thread] but has failed to stop it. This is very likely to create a memory leak.
九月 26, 2017 9:38:36 上午 org.apache.catalina.loader.WebappClassLoader clearReferencesThreads
严重: The web application [/pentaho] appears to have started a thread named [Store pentaho-geo-countrycode3 Spool Thread] but has failed to stop it. This is very likely to create a memory leak.
九月 26, 2017 9:38:36 上午 org.apache.catalina.loader.WebappClassLoader clearReferencesThreads
严重: The web application [/pentaho] appears to have started a thread named [Store pentahoCache Spool Thread] but has failed to stop it. This is very likely to create a memory leak.
九月 26, 2017 9:38:36 上午 org.apache.catalina.loader.WebappClassLoader clearThreadLocalMap
严重: The web application [/pentaho] created a ThreadLocal with key of type [java.lang.ThreadLocal] (value [java.lang.ThreadLocal@45964b9e]) and a value of type [org.pentaho.platform.repository.solution.dbbased.DbBasedSolutionRepository] (value [org.pentaho.platform.repository.solution.dbbased.DbBasedSolutionRepository@3fa50a24]) but failed to remove it when the web application was stopped. This is very likely to create a memory leak.
九月 26, 2017 9:38:36 上午 org.apache.catalina.loader.WebappClassLoader clearThreadLocalMap
严重: The web application [/pentaho] created a ThreadLocal with key of type [java.lang.ThreadLocal] (value [java.lang.ThreadLocal@1afabf06]) and a value of type [org.hibernate.impl.SessionImpl] (value [SessionImpl(PersistenceContext[entityKeys=[EntityKey[org.pentaho.platform.repository.solution.dbbased.RepositoryFile#de2237c9-393a-11e7-804b-a7bef64dd85e], EntityKey[org.pentaho.platform.repository.solution.dbbased.RepositoryFile#de18c0dd-393a-11e7-804b-a7bef64dd85e], EntityKey[org.pentaho.platform.repository.solution.dbbased.RepositoryFile#de2237af-393a-11e7-804b-a7bef64dd85e], EntityKey[org.pentaho.platform.repository.solution.dbbased.RepositoryFile#de2237ba-393a-11e7-804b-a7bef64dd85e], EntityKey[org.pentaho.platform.repository.solution.dbbased.RepositoryFile#de2237b6-393a-11e7-804b-a7bef64dd85e], EntityKey[org.pentaho.platform.repository.solution.dbbased.RepositoryFile#de2237c1-393a-11e7-804b-a7bef64dd85e], EntityKey[org.pentaho.platform.repository.solution.dbbased.RepositoryFile#de2237b2-393a-11e7-804b-a7bef64dd85e], EntityKey[org.pentaho.platform.repository.solution.dbbased.RepositoryFile#de2237c5-393a-11e7-804b-a7bef64dd85e], EntityKey[org.pentaho.platform.repository.solution.dbbased.RepositoryFile#de2237be-393a-11e7-804b-a7bef64dd85e], EntityKey[org.pentaho.platform.repository.solution.dbbased.RepositoryFile#de2237c8-393a-11e7-804b-a7bef64dd85e], EntityKey[org.pentaho.platform.repository.solution.dbbased.RepositoryFile#de2237b9-393a-11e7-804b-a7bef64dd85e], EntityKey[org.pentaho.platform.repository.solution.dbbased.RepositoryFile#de2237ca-393a-11e7-804b-a7bef64dd85e], EntityKey[org.pentaho.platform.repository.solution.dbbased.RepositoryFile#de2237b5-393a-11e7-804b-a7bef64dd85e], EntityKey[org.pentaho.platform.repository.solution.dbbased.RepositoryFile#de2237bb-393a-11e7-804b-a7bef64dd85e], EntityKey[org.pentaho.platform.repository.solution.dbbased.RepositoryFile#de2237c0-393a-11e7-804b-a7bef64dd85e], EntityKey[org.pentaho.platform.repository.solution.dbbased.RepositoryFile#de2237b1-393a-11e7-804b-a7bef64dd85e], EntityKey[org.pentaho.platform.repository.solution.dbbased.RepositoryFile#de2237bf-393a-11e7-804b-a7bef64dd85e], EntityKey[org.pentaho.platform.repository.solution.dbbased.RepositoryFile#de2237c4-393a-11e7-804b-a7bef64dd85e], EntityKey[org.pentaho.platform.repository.solution.dbbased.RepositoryFile#de2237cb-393a-11e7-804b-a7bef64dd85e], EntityKey[org.pentaho.platform.repository.solution.dbbased.RepositoryFile#de2237b8-393a-11e7-804b-a7bef64dd85e], EntityKey[org.pentaho.platform.repository.solution.dbbased.RepositoryFile#de18c0ef-393a-11e7-804b-a7bef64dd85e], EntityKey[org.pentaho.platform.repository.solution.dbbased.RepositoryFile#de2237c3-393a-11e7-804b-a7bef64dd85e], EntityKey[org.pentaho.platform.repository.solution.dbbased.RepositoryFile#de2237b4-393a-11e7-804b-a7bef64dd85e], EntityKey[org.pentaho.platform.repository.solution.dbbased.RepositoryFile#de2237c7-393a-11e7-804b-a7bef64dd85e], EntityKey[org.pentaho.platform.repository.solution.dbbased.RepositoryFile#de2237bc-393a-11e7-804b-a7bef64dd85e], EntityKey[org.pentaho.platform.repository.solution.dbbased.RepositoryFile#de2237b0-393a-11e7-804b-a7bef64dd85e], EntityKey[org.pentaho.platform.repository.solution.dbbased.RepositoryFile#de2237cc-393a-11e7-804b-a7bef64dd85e], EntityKey[org.pentaho.platform.repository.solution.dbbased.RepositoryFile#de13ded8-393a-11e7-804b-a7bef64dd85e], EntityKey[org.pentaho.platform.repository.solution.dbbased.RepositoryFile#de2237b7-393a-11e7-804b-a7bef64dd85e], EntityKey[org.pentaho.platform.repository.solution.dbbased.RepositoryFile#de2237c2-393a-11e7-804b-a7bef64dd85e], EntityKey[org.pentaho.platform.repository.solution.dbbased.RepositoryFile#de2237b3-393a-11e7-804b-a7bef64dd85e], EntityKey[org.pentaho.platform.repository.solution.dbbased.RepositoryFile#de2237bd-393a-11e7-804b-a7bef64dd85e], EntityKey[org.pentaho.platform.repository.solution.dbbased.RepositoryFile#de2237c6-393a-11e7-804b-a7bef64dd85e]],collectionKeys=[CollectionKey[org.pentaho.platform.repository.solution.dbbased.RepositoryFile.accessControls#de2237b2-393a-11e7-804b-a7bef64dd85e], CollectionKey[org.pentaho.platform.repository.solution.dbbased.RepositoryFile.accessControls#de13ded8-393a-11e7-804b-a7bef64dd85e], CollectionKey[org.pentaho.platform.repository.solution.dbbased.RepositoryFile.childrenFiles#de2237b4-393a-11e7-804b-a7bef64dd85e], CollectionKey[org.pentaho.platform.repository.solution.dbbased.RepositoryFile.accessControls#de2237b7-393a-11e7-804b-a7bef64dd85e], CollectionKey[org.pentaho.platform.repository.solution.dbbased.RepositoryFile.childrenFiles#de2237c4-393a-11e7-804b-a7bef64dd85e], CollectionKey[org.pentaho.platform.repository.solution.dbbased.RepositoryFile.accessControls#de2237c5-393a-11e7-804b-a7bef64dd85e], CollectionKey[org.pentaho.platform.repository.solution.dbbased.RepositoryFile.childrenFiles#de2237cc-393a-11e7-804b-a7bef64dd85e], CollectionKey[org.pentaho.platform.repository.solution.dbbased.RepositoryFile.accessControls#de2237ba-393a-11e7-804b-a7bef64dd85e], CollectionKey[org.pentaho.platform.repository.solution.dbbased.RepositoryFile.accessControls#de2237b5-393a-11e7-804b-a7bef64dd85e], CollectionKey[org.pentaho.platform.repository.solution.dbbased.RepositoryFile.childrenFiles#de2237b1-393a-11e7-804b-a7bef64dd85e], CollectionKey[org.pentaho.platform.repository.solution.dbbased.RepositoryFile.childrenFiles#de2237c9-393a-11e7-804b-a7bef64dd85e], CollectionKey[org.pentaho.platform.repository.solution.dbbased.RepositoryFile.childrenFiles#de18c0dd-393a-11e7-804b-a7bef64dd85e], CollectionKey[org.pentaho.platform.repository.solution.dbbased.RepositoryFile.accessControls#de2237af-393a-11e7-804b-a7bef64dd85e], CollectionKey[org.pentaho.platform.repository.solution.dbbased.RepositoryFile.childrenFiles#de2237bc-393a-11e7-804b-a7bef64dd85e], CollectionKey[org.pentaho.platform.repository.solution.dbbased.RepositoryFile.accessControls#de2237bf-393a-11e7-804b-a7bef64dd85e], CollectionKey[org.pentaho.platform.repository.solution.dbbased.RepositoryFile.accessControls#de2237ca-393a-11e7-804b-a7bef64dd85e], CollectionKey[org.pentaho.platform.repository.solution.dbbased.RepositoryFile.childrenFiles#de2237b9-393a-11e7-804b-a7bef64dd85e], CollectionKey[org.pentaho.platform.repository.solution.dbbased.RepositoryFile.childrenFiles#de2237c1-393a-11e7-804b-a7bef64dd85e], CollectionKey[org.pentaho.platform.repository.solution.dbbased.RepositoryFile.accessControls#de2237c0-393a-11e7-804b-a7bef64dd85e], CollectionKey[org.pentaho.platform.repository.solution.dbbased.RepositoryFile.accessControls#de2237b0-393a-11e7-804b-a7bef64dd85e], CollectionKey[org.pentaho.platform.repository.solution.dbbased.RepositoryFile.accessControls#de18c0ef-393a-11e7-804b-a7bef64dd85e], CollectionKey[org.pentaho.platform.repository.solution.dbbased.RepositoryFile.childrenFiles#de2237b2-393a-11e7-804b-a7bef64dd85e], CollectionKey[org.pentaho.platform.repository.solution.dbbased.RepositoryFile.childrenFiles#de2237c6-393a-11e7-804b-a7bef64dd85e], CollectionKey[org.pentaho.platform.repository.solution.dbbased.RepositoryFile.accessControls#de2237c8-393a-11e7-804b-a7bef64dd85e], CollectionKey[org.pentaho.platform.repository.solution.dbbased.RepositoryFile.childrenFiles#de2237bb-393a-11e7-804b-a7bef64dd85e], CollectionKey[org.pentaho.platform.repository.solution.dbbased.RepositoryFile.accessControls#de2237c7-393a-11e7-804b-a7bef64dd85e], CollectionKey[org.pentaho.platform.repository.solution.dbbased.RepositoryFile.childrenFiles#de13ded8-393a-11e7-804b-a7bef64dd85e], CollectionKey[org.pentaho.platform.repository.solution.dbbased.RepositoryFile.childrenFiles#de2237ca-393a-11e7-804b-a7bef64dd85e], CollectionKey[org.pentaho.platform.repository.solution.dbbased.RepositoryFile.accessControls#de2237b9-393a-11e7-804b-a7bef64dd85e], CollectionKey[org.pentaho.platform.repository.solution.dbbased.RepositoryFile.childrenFiles#de2237be-393a-11e7-804b-a7bef64dd85e], CollectionKey[org.pentaho.platform.repository.solution.dbbased.RepositoryFile.childrenFiles#de2237af-393a-11e7-804b-a7bef64dd85e], CollectionKey[org.pentaho.platform.repository.solution.dbbased.RepositoryFile.accessControls#de2237b3-393a-11e7-804b-a7bef64dd85e], CollectionKey[org.pentaho.platform.repository.solution.dbbased.RepositoryFile.accessControls#de2237bd-393a-11e7-804b-a7bef64dd85e], CollectionKey[org.pentaho.platform.repository.solution.dbbased.RepositoryFile.childrenFiles#de2237b7-393a-11e7-804b-a7bef64dd85e], CollectionKey[org.pentaho.platform.repository.solution.dbbased.RepositoryFile.accessControls#de2237cc-393a-11e7-804b-a7bef64dd85e], CollectionKey[org.pentaho.platform.repository.solution.dbbased.RepositoryFile.childrenFiles#de2237c3-393a-11e7-804b-a7bef64dd85e], CollectionKey[org.pentaho.platform.repository.solution.dbbased.RepositoryFile.accessControls#de2237c2-393a-11e7-804b-a7bef64dd85e], CollectionKey[org.pentaho.platform.repository.solution.dbbased.RepositoryFile.childrenFiles#de2237b0-393a-11e7-804b-a7bef64dd85e], CollectionKey[org.pentaho.platform.repository.solution.dbbased.RepositoryFile.accessControls#de2237b6-393a-11e7-804b-a7bef64dd85e], CollectionKey[org.pentaho.platform.repository.solution.dbbased.RepositoryFile.childrenFiles#de2237c8-393a-11e7-804b-a7bef64dd85e], CollectionKey[org.pentaho.platform.repository.solution.dbbased.RepositoryFile.accessControls#de2237be-393a-11e7-804b-a7bef64dd85e], CollectionKey[org.pentaho.platform.repository.solution.dbbased.RepositoryFile.childrenFiles#de2237b8-393a-11e7-804b-a7bef64dd85e], CollectionKey[org.pentaho.platform.repository.solution.dbbased.RepositoryFile.childrenFiles#de2237bd-393a-11e7-804b-a7bef64dd85e], CollectionKey[org.pentaho.platform.repository.solution.dbbased.RepositoryFile.childrenFiles#de2237c0-393a-11e7-804b-a7bef64dd85e], CollectionKey[org.pentaho.platform.repository.solution.dbbased.RepositoryFile.accessControls#de2237c1-393a-11e7-804b-a7bef64dd85e], CollectionKey[org.pentaho.platform.repository.solution.dbbased.RepositoryFile.accessControls#de18c0dd-393a-11e7-804b-a7bef64dd85e], CollectionKey[org.pentaho.platform.repository.solution.dbbased.RepositoryFile.accessControls#de2237b1-393a-11e7-804b-a7bef64dd85e], CollectionKey[org.pentaho.platform.repository.solution.dbbased.RepositoryFile.accessControls#de2237b8-393a-11e7-804b-a7bef64dd85e], CollectionKey[org.pentaho.platform.repository.solution.dbbased.RepositoryFile.childrenFiles#de2237b5-393a-11e7-804b-a7bef64dd85e], CollectionKey[org.pentaho.platform.repository.solution.dbbased.RepositoryFile.accessControls#de2237c4-393a-11e7-804b-a7bef64dd85e], CollectionKey[org.pentaho.platform.repository.solution.dbbased.RepositoryFile.childrenFiles#de2237c5-393a-11e7-804b-a7bef64dd85e], CollectionKey[org.pentaho.platform.repository.solution.dbbased.RepositoryFile.childrenFiles#de2237cb-393a-11e7-804b-a7bef64dd85e], CollectionKey[org.pentaho.platform.repository.solution.dbbased.RepositoryFile.accessControls#de2237bb-393a-11e7-804b-a7bef64dd85e], CollectionKey[org.pentaho.platform.repository.solution.dbbased.RepositoryFile.childrenFiles#de2237bf-393a-11e7-804b-a7bef64dd85e], CollectionKey[org.pentaho.platform.repository.solution.dbbased.RepositoryFile.accessControls#de2237b4-393a-11e7-804b-a7bef64dd85e], CollectionKey[org.pentaho.platform.repository.solution.dbbased.RepositoryFile.childrenFiles#de2237b6-393a-11e7-804b-a7bef64dd85e], CollectionKey[org.pentaho.platform.repository.solution.dbbased.RepositoryFile.accessControls#de2237bc-393a-11e7-804b-a7bef64dd85e], CollectionKey[org.pentaho.platform.repository.solution.dbbased.RepositoryFile.childrenFiles#de2237c2-393a-11e7-804b-a7bef64dd85e], CollectionKey[org.pentaho.platform.repository.solution.dbbased.RepositoryFile.accessControls#de2237cb-393a-11e7-804b-a7bef64dd85e], CollectionKey[org.pentaho.platform.repository.solution.dbbased.RepositoryFile.accessControls#de2237c3-393a-11e7-804b-a7bef64dd85e], CollectionKey[org.pentaho.platform.repository.solution.dbbased.RepositoryFile.childrenFiles#de2237c7-393a-11e7-804b-a7bef64dd85e], CollectionKey[org.pentaho.platform.repository.solution.dbbased.RepositoryFile.childrenFiles#de2237b3-393a-11e7-804b-a7bef64dd85e], CollectionKey[org.pentaho.platform.repository.solution.dbbased.RepositoryFile.accessControls#de2237c9-393a-11e7-804b-a7bef64dd85e], CollectionKey[org.pentaho.platform.repository.solution.dbbased.RepositoryFile.childrenFiles#de2237ba-393a-11e7-804b-a7bef64dd85e], CollectionKey[org.pentaho.platform.repository.solution.dbbased.RepositoryFile.accessControls#de2237c6-393a-11e7-804b-a7bef64dd85e], CollectionKey[org.pentaho.platform.repository.solution.dbbased.RepositoryFile.childrenFiles#de18c0ef-393a-11e7-804b-a7bef64dd85e]]];ActionQueue[insertions=[] updates=[] deletions=[] collectionCreations=[] collectionRemovals=[] collectionUpdates=[]])]) but failed to remove it when the web application was stopped. This is very likely to create a memory leak.
九月 26, 2017 9:38:36 上午 org.apache.catalina.loader.WebappClassLoader clearThreadLocalMap
严重: The web application [/pentaho] created a ThreadLocal with key of type [java.lang.ThreadLocal] (value [java.lang.ThreadLocal@6a261998]) and a value of type [org.pentaho.platform.engine.core.system.StandaloneSession] (value [org.pentaho.platform.engine.core.system.StandaloneSession@2a191f83]) but failed to remove it when the web application was stopped. This is very likely to create a memory leak.
九月 26, 2017 9:38:36 上午 org.apache.catalina.loader.WebappClassLoader clearThreadLocalMap
严重: The web application [/pentaho] created a ThreadLocal with key of type [null] (value [org.pentaho.platform.plugin.services.pluginmgr.PluginMessageLogger$1@70f3bf00]) and a value of type [java.util.ArrayList] (value [[Discovered plugin cgg in cgg, This plugin provides: 0 menu customizations, 0 content types, 1 content generators, 0 overlays, and 0 lifecycle listeners, Discovered plugin common-ui in common-ui, This plugin provides: 0 menu customizations, 0 content types, 2 content generators, 0 overlays, and 0 lifecycle listeners, Discovered plugin data-access in data-access, This plugin provides: 0 menu customizations, 0 content types, 0 content generators, 0 overlays, and 0 lifecycle listeners, Discovered plugin BI Server default plugin in default-plugin, This plugin provides: 0 menu customizations, 0 content types, 3 content generators, 0 overlays, and 0 lifecycle listeners, Discovered plugin marketplace in marketplace, Menu addition: cda_refresh - Marketplace, This plugin provides: 1 menu customizations, 0 content types, 1 content generators, 1 overlays, and 1 lifecycle listeners, Discovered plugin pentaho-cdf in pentaho-cdf, Content type registered: xcdf - Dashboard, This plugin provides: 0 menu customizations, 1 content types, 1 content generators, 0 overlays, and 1 lifecycle listeners, Discovered plugin reporting in reporting, Content type registered: prpt - Pentaho Report, This plugin provides: 0 menu customizations, 1 content types, 1 content generators, 0 overlays, and 1 lifecycle listeners, Content generator registered: cgg for plugin cgg, Plugin cgg has registered successfully, Content generator registered: reposvc for plugin common-ui, Content generator registered: MetadataModelsSvc for plugin common-ui, Plugin common-ui has registered successfully, Plugin data-access has registered successfully, Content generator registered: ws-services for plugin BI Server default plugin, Content generator registered: ws-run for plugin BI Server default plugin, Content generator registered: ws-wsdl for plugin BI Server default plugin, Plugin BI Server default plugin has registered successfully, Content generator registered: marketplace for plugin marketplace, Plugin marketplace has registered successfully, Content generator registered: pentaho-cdf for plugin pentaho-cdf, Plugin pentaho-cdf has registered successfully, Content generator registered: reporting for plugin reporting, Plugin reporting has registered successfully]]) but failed to remove it when the web application was stopped. This is very likely to create a memory leak.
九月 26, 2017 9:38:36 上午 org.apache.catalina.loader.WebappClassLoader clearThreadLocalMap
严重: The web application [/pentaho] created a ThreadLocal with key of type [java.lang.ThreadLocal] (value [java.lang.ThreadLocal@49770ef9]) and a value of type [org.pentaho.platform.engine.security.session.TrustedSystemStartupSession] (value [org.pentaho.platform.engine.security.session.TrustedSystemStartupSession@63846fa4]) but failed to remove it when the web application was stopped. This is very likely to create a memory leak.
九月 26, 2017 9:38:36 上午 org.apache.catalina.loader.WebappClassLoader clearThreadLocalMap
严重: The web application [/pentaho] created a ThreadLocal with key of type [java.lang.InheritableThreadLocal] (value [java.lang.InheritableThreadLocal@15bcecf9]) and a value of type [org.pentaho.platform.engine.security.session.TrustedSystemStartupSession] (value [org.pentaho.platform.engine.security.session.TrustedSystemStartupSession@6826c41e]) but failed to remove it when the web application was stopped. This is very likely to create a memory leak.
九月 26, 2017 9:38:36 上午 org.apache.catalina.loader.WebappClassLoader clearThreadLocalMap
严重: The web application [/pentaho] created a ThreadLocal with key of type [java.lang.InheritableThreadLocal] (value [java.lang.InheritableThreadLocal@15bcecf9]) and a value of type [org.pentaho.platform.engine.security.session.TrustedSystemStartupSession] (value [org.pentaho.platform.engine.security.session.TrustedSystemStartupSession@6826c41e]) but failed to remove it when the web application was stopped. This is very likely to create a memory leak.
九月 26, 2017 9:38:36 上午 org.apache.catalina.loader.WebappClassLoader clearThreadLocalMap
严重: The web application [/pentaho] created a ThreadLocal with key of type [java.lang.InheritableThreadLocal] (value [java.lang.InheritableThreadLocal@15bcecf9]) and a value of type [org.pentaho.platform.engine.security.session.TrustedSystemStartupSession] (value [org.pentaho.platform.engine.security.session.TrustedSystemStartupSession@6826c41e]) but failed to remove it when the web application was stopped. This is very likely to create a memory leak.
九月 26, 2017 9:38:36 上午 org.apache.catalina.loader.WebappClassLoader clearThreadLocalMap
严重: The web application [/pentaho] created a ThreadLocal with key of type [java.lang.InheritableThreadLocal] (value [java.lang.InheritableThreadLocal@15bcecf9]) and a value of type [org.pentaho.platform.engine.security.session.TrustedSystemStartupSession] (value [org.pentaho.platform.engine.security.session.TrustedSystemStartupSession@6826c41e]) but failed to remove it when the web application was stopped. This is very likely to create a memory leak.
九月 26, 2017 9:38:36 上午 org.apache.catalina.loader.WebappClassLoader clearThreadLocalMap
严重: The web application [/pentaho] created a ThreadLocal with key of type [java.lang.InheritableThreadLocal] (value [java.lang.InheritableThreadLocal@15bcecf9]) and a value of type [org.pentaho.platform.engine.security.session.TrustedSystemStartupSession] (value [org.pentaho.platform.engine.security.session.TrustedSystemStartupSession@6826c41e]) but failed to remove it when the web application was stopped. This is very likely to create a memory leak.
九月 26, 2017 9:38:36 上午 org.apache.catalina.loader.WebappClassLoader clearThreadLocalMap
严重: The web application [/pentaho] created a ThreadLocal with key of type [java.lang.InheritableThreadLocal] (value [java.lang.InheritableThreadLocal@15bcecf9]) and a value of type [org.pentaho.platform.engine.security.session.TrustedSystemStartupSession] (value [org.pentaho.platform.engine.security.session.TrustedSystemStartupSession@6826c41e]) but failed to remove it when the web application was stopped. This is very likely to create a memory leak.
九月 26, 2017 9:38:36 上午 org.apache.catalina.loader.WebappClassLoader clearThreadLocalMap
严重: The web application [/pentaho] created a ThreadLocal with key of type [java.lang.InheritableThreadLocal] (value [java.lang.InheritableThreadLocal@15bcecf9]) and a value of type [org.pentaho.platform.engine.security.session.TrustedSystemStartupSession] (value [org.pentaho.platform.engine.security.session.TrustedSystemStartupSession@6826c41e]) but failed to remove it when the web application was stopped. This is very likely to create a memory leak.
九月 26, 2017 9:38:36 上午 org.apache.catalina.loader.WebappClassLoader clearThreadLocalMap
严重: The web application [/pentaho] created a ThreadLocal with key of type [java.lang.InheritableThreadLocal] (value [java.lang.InheritableThreadLocal@15bcecf9]) and a value of type [org.pentaho.platform.engine.security.session.TrustedSystemStartupSession] (value [org.pentaho.platform.engine.security.session.TrustedSystemStartupSession@6826c41e]) but failed to remove it when the web application was stopped. This is very likely to create a memory leak.
九月 26, 2017 9:38:36 上午 org.apache.catalina.loader.WebappClassLoader clearThreadLocalMap
严重: The web application [/pentaho] created a ThreadLocal with key of type [java.lang.InheritableThreadLocal] (value [java.lang.InheritableThreadLocal@15bcecf9]) and a value of type [org.pentaho.platform.engine.security.session.TrustedSystemStartupSession] (value [org.pentaho.platform.engine.security.session.TrustedSystemStartupSession@6826c41e]) but failed to remove it when the web application was stopped. This is very likely to create a memory leak.
九月 26, 2017 9:38:36 上午 org.apache.catalina.loader.WebappClassLoader clearThreadLocalMap
严重: The web application [/pentaho] created a ThreadLocal with key of type [java.lang.InheritableThreadLocal] (value [java.lang.InheritableThreadLocal@15bcecf9]) and a value of type [org.pentaho.platform.engine.security.session.TrustedSystemStartupSession] (value [org.pentaho.platform.engine.security.session.TrustedSystemStartupSession@6826c41e]) but failed to remove it when the web application was stopped. This is very likely to create a memory leak.
九月 26, 2017 9:38:36 上午 org.apache.catalina.loader.WebappClassLoader clearThreadLocalMap
严重: The web application [/pentaho] created a ThreadLocal with key of type [java.lang.InheritableThreadLocal] (value [java.lang.InheritableThreadLocal@15bcecf9]) and a value of type [org.pentaho.platform.engine.security.session.TrustedSystemStartupSession] (value [org.pentaho.platform.engine.security.session.TrustedSystemStartupSession@6826c41e]) but failed to remove it when the web application was stopped. This is very likely to create a memory leak.
九月 26, 2017 9:38:36 上午 org.apache.catalina.loader.WebappClassLoader clearThreadLocalMap
严重: The web application [/pentaho] created a ThreadLocal with key of type [java.lang.InheritableThreadLocal] (value [java.lang.InheritableThreadLocal@15bcecf9]) and a value of type [org.pentaho.platform.engine.security.session.TrustedSystemStartupSession] (value [org.pentaho.platform.engine.security.session.TrustedSystemStartupSession@6826c41e]) but failed to remove it when the web application was stopped. This is very likely to create a memory leak.
九月 26, 2017 9:38:36 上午 org.apache.catalina.loader.WebappClassLoader clearThreadLocalMap
严重: The web application [/pentaho] created a ThreadLocal with key of type [java.lang.InheritableThreadLocal] (value [java.lang.InheritableThreadLocal@15bcecf9]) and a value of type [org.pentaho.platform.engine.security.session.TrustedSystemStartupSession] (value [org.pentaho.platform.engine.security.session.TrustedSystemStartupSession@6826c41e]) but failed to remove it when the web application was stopped. This is very likely to create a memory leak.
九月 26, 2017 9:38:36 上午 org.apache.catalina.loader.WebappClassLoader clearThreadLocalMap
严重: The web application [/pentaho] created a ThreadLocal with key of type [java.lang.InheritableThreadLocal] (value [java.lang.InheritableThreadLocal@15bcecf9]) and a value of type [org.pentaho.platform.engine.security.session.TrustedSystemStartupSession] (value [org.pentaho.platform.engine.security.session.TrustedSystemStartupSession@6826c41e]) but failed to remove it when the web application was stopped. This is very likely to create a memory leak.
九月 26, 2017 9:38:36 上午 org.apache.catalina.loader.WebappClassLoader clearThreadLocalMap
严重: The web application [/pentaho] created a ThreadLocal with key of type [java.lang.InheritableThreadLocal] (value [java.lang.InheritableThreadLocal@15bcecf9]) and a value of type [org.pentaho.platform.engine.security.session.TrustedSystemStartupSession] (value [org.pentaho.platform.engine.security.session.TrustedSystemStartupSession@6826c41e]) but failed to remove it when the web application was stopped. This is very likely to create a memory leak.
九月 26, 2017 9:38:36 上午 org.apache.catalina.loader.WebappClassLoader clearThreadLocalMap
严重: The web application [/pentaho] created a ThreadLocal with key of type [java.lang.InheritableThreadLocal] (value [java.lang.InheritableThreadLocal@15bcecf9]) and a value of type [org.pentaho.platform.engine.security.session.TrustedSystemStartupSession] (value [org.pentaho.platform.engine.security.session.TrustedSystemStartupSession@6826c41e]) but failed to remove it when the web application was stopped. This is very likely to create a memory leak.
九月 26, 2017 9:38:36 上午 org.apache.catalina.loader.WebappClassLoader clearThreadLocalMap
严重: The web application [/pentaho] created a ThreadLocal with key of type [java.lang.InheritableThreadLocal] (value [java.lang.InheritableThreadLocal@15bcecf9]) and a value of type [org.pentaho.platform.engine.security.session.TrustedSystemStartupSession] (value [org.pentaho.platform.engine.security.session.TrustedSystemStartupSession@6826c41e]) but failed to remove it when the web application was stopped. This is very likely to create a memory leak.
九月 26, 2017 9:38:36 上午 org.apache.catalina.loader.WebappClassLoader clearThreadLocalMap
严重: The web application [/pentaho] created a ThreadLocal with key of type [java.lang.InheritableThreadLocal] (value [java.lang.InheritableThreadLocal@15bcecf9]) and a value of type [org.pentaho.platform.engine.security.session.TrustedSystemStartupSession] (value [org.pentaho.platform.engine.security.session.TrustedSystemStartupSession@6826c41e]) but failed to remove it when the web application was stopped. This is very likely to create a memory leak.
九月 26, 2017 9:38:36 上午 org.apache.catalina.loader.WebappClassLoader clearThreadLocalMap
严重: The web application [/pentaho] created a ThreadLocal with key of type [java.lang.InheritableThreadLocal] (value [java.lang.InheritableThreadLocal@15bcecf9]) and a value of type [org.pentaho.platform.engine.security.session.TrustedSystemStartupSession] (value [org.pentaho.platform.engine.security.session.TrustedSystemStartupSession@6826c41e]) but failed to remove it when the web application was stopped. This is very likely to create a memory leak.
九月 26, 2017 9:38:36 上午 org.apache.catalina.loader.WebappClassLoader clearThreadLocalMap
严重: The web application [/pentaho] created a ThreadLocal with key of type [java.lang.InheritableThreadLocal] (value [java.lang.InheritableThreadLocal@15bcecf9]) and a value of type [org.pentaho.platform.engine.security.session.TrustedSystemStartupSession] (value [org.pentaho.platform.engine.security.session.TrustedSystemStartupSession@6826c41e]) but failed to remove it when the web application was stopped. This is very likely to create a memory leak.
九月 26, 2017 9:38:36 上午 org.apache.catalina.loader.WebappClassLoader clearThreadLocalMap
严重: The web application [/pentaho] created a ThreadLocal with key of type [java.lang.InheritableThreadLocal] (value [java.lang.InheritableThreadLocal@15bcecf9]) and a value of type [org.pentaho.platform.engine.security.session.TrustedSystemStartupSession] (value [org.pentaho.platform.engine.security.session.TrustedSystemStartupSession@6826c41e]) but failed to remove it when the web application was stopped. This is very likely to create a memory leak.
九月 26, 2017 9:38:36 上午 org.apache.catalina.loader.WebappClassLoader clearThreadLocalMap
严重: The web application [/pentaho] created a ThreadLocal with key of type [java.lang.InheritableThreadLocal] (value [java.lang.InheritableThreadLocal@15bcecf9]) and a value of type [org.pentaho.platform.engine.security.session.TrustedSystemStartupSession] (value [org.pentaho.platform.engine.security.session.TrustedSystemStartupSession@6826c41e]) but failed to remove it when the web application was stopped. This is very likely to create a memory leak.
九月 26, 2017 9:38:36 上午 org.apache.catalina.loader.WebappClassLoader clearThreadLocalMap
严重: The web application [/pentaho] created a ThreadLocal with key of type [java.lang.InheritableThreadLocal] (value [java.lang.InheritableThreadLocal@15bcecf9]) and a value of type [org.pentaho.platform.engine.security.session.TrustedSystemStartupSession] (value [org.pentaho.platform.engine.security.session.TrustedSystemStartupSession@6826c41e]) but failed to remove it when the web application was stopped. This is very likely to create a memory leak.
九月 26, 2017 9:38:36 上午 org.apache.catalina.loader.WebappClassLoader clearThreadLocalMap
严重: The web application [/pentaho] created a ThreadLocal with key of type [java.lang.InheritableThreadLocal] (value [java.lang.InheritableThreadLocal@15bcecf9]) and a value of type [org.pentaho.platform.engine.security.session.TrustedSystemStartupSession] (value [org.pentaho.platform.engine.security.session.TrustedSystemStartupSession@6826c41e]) but failed to remove it when the web application was stopped. This is very likely to create a memory leak.
九月 26, 2017 9:38:36 上午 org.apache.catalina.loader.WebappClassLoader clearThreadLocalMap
严重: The web application [/pentaho] created a ThreadLocal with key of type [java.lang.InheritableThreadLocal] (value [java.lang.InheritableThreadLocal@15bcecf9]) and a value of type [org.pentaho.platform.engine.security.session.TrustedSystemStartupSession] (value [org.pentaho.platform.engine.security.session.TrustedSystemStartupSession@6826c41e]) but failed to remove it when the web application was stopped. This is very likely to create a memory leak.
九月 26, 2017 9:38:36 上午 org.apache.catalina.loader.WebappClassLoader clearThreadLocalMap
严重: The web application [/pentaho] created a ThreadLocal with key of type [java.lang.InheritableThreadLocal] (value [java.lang.InheritableThreadLocal@15bcecf9]) and a value of type [org.pentaho.platform.engine.security.session.TrustedSystemStartupSession] (value [org.pentaho.platform.engine.security.session.TrustedSystemStartupSession@6826c41e]) but failed to remove it when the web application was stopped. This is very likely to create a memory leak.
九月 26, 2017 9:38:36 上午 org.apache.catalina.loader.WebappClassLoader clearThreadLocalMap
严重: The web application [/pentaho] created a ThreadLocal with key of type [java.lang.InheritableThreadLocal] (value [java.lang.InheritableThreadLocal@15bcecf9]) and a value of type [org.pentaho.platform.engine.security.session.TrustedSystemStartupSession] (value [org.pentaho.platform.engine.security.session.TrustedSystemStartupSession@6826c41e]) but failed to remove it when the web application was stopped. This is very likely to create a memory leak.
九月 26, 2017 9:38:36 上午 org.apache.catalina.loader.WebappClassLoader clearThreadLocalMap
严重: The web application [/pentaho] created a ThreadLocal with key of type [java.lang.InheritableThreadLocal] (value [java.lang.InheritableThreadLocal@15bcecf9]) and a value of type [org.pentaho.platform.engine.security.session.TrustedSystemStartupSession] (value [org.pentaho.platform.engine.security.session.TrustedSystemStartupSession@6826c41e]) but failed to remove it when the web application was stopped. This is very likely to create a memory leak.
九月 26, 2017 9:38:36 上午 org.apache.catalina.loader.WebappClassLoader clearThreadLocalMap
严重: The web application [/pentaho] created a ThreadLocal with key of type [java.lang.InheritableThreadLocal] (value [java.lang.InheritableThreadLocal@15bcecf9]) and a value of type [org.pentaho.platform.engine.security.session.TrustedSystemStartupSession] (value [org.pentaho.platform.engine.security.session.TrustedSystemStartupSession@6826c41e]) but failed to remove it when the web application was stopped. This is very likely to create a memory leak.
九月 26, 2017 9:38:36 上午 org.apache.catalina.loader.WebappClassLoader clearThreadLocalMap
严重: The web application [/pentaho] created a ThreadLocal with key of type [java.lang.InheritableThreadLocal] (value [java.lang.InheritableThreadLocal@15bcecf9]) and a value of type [org.pentaho.platform.engine.security.session.TrustedSystemStartupSession] (value [org.pentaho.platform.engine.security.session.TrustedSystemStartupSession@6826c41e]) but failed to remove it when the web application was stopped. This is very likely to create a memory leak.
九月 26, 2017 9:38:36 上午 org.apache.catalina.loader.WebappClassLoader clearThreadLocalMap
严重: The web application [/pentaho] created a ThreadLocal with key of type [java.lang.InheritableThreadLocal] (value [java.lang.InheritableThreadLocal@15bcecf9]) and a value of type [org.pentaho.platform.engine.security.session.TrustedSystemStartupSession] (value [org.pentaho.platform.engine.security.session.TrustedSystemStartupSession@6826c41e]) but failed to remove it when the web application was stopped. This is very likely to create a memory leak.
九月 26, 2017 9:38:36 上午 org.apache.catalina.loader.WebappClassLoader clearThreadLocalMap
严重: The web application [/pentaho] created a ThreadLocal with key of type [java.lang.InheritableThreadLocal] (value [java.lang.InheritableThreadLocal@15bcecf9]) and a value of type [org.pentaho.platform.engine.security.session.TrustedSystemStartupSession] (value [org.pentaho.platform.engine.security.session.TrustedSystemStartupSession@6826c41e]) but failed to remove it when the web application was stopped. This is very likely to create a memory leak.
九月 26, 2017 9:38:36 上午 org.apache.catalina.loader.WebappClassLoader clearThreadLocalMap
严重: The web application [/pentaho] created a ThreadLocal with key of type [java.lang.InheritableThreadLocal] (value [java.lang.InheritableThreadLocal@15bcecf9]) and a value of type [org.pentaho.platform.engine.security.session.TrustedSystemStartupSession] (value [org.pentaho.platform.engine.security.session.TrustedSystemStartupSession@6826c41e]) but failed to remove it when the web application was stopped. This is very likely to create a memory leak.
九月 26, 2017 9:38:36 上午 org.apache.catalina.loader.WebappClassLoader clearThreadLocalMap
严重: The web application [/pentaho] created a ThreadLocal with key of type [java.lang.InheritableThreadLocal] (value [java.lang.InheritableThreadLocal@15bcecf9]) and a value of type [org.pentaho.platform.engine.security.session.TrustedSystemStartupSession] (value [org.pentaho.platform.engine.security.session.TrustedSystemStartupSession@6826c41e]) but failed to remove it when the web application was stopped. This is very likely to create a memory leak.
九月 26, 2017 9:38:36 上午 org.apache.catalina.loader.WebappClassLoader clearThreadLocalMap
严重: The web application [/pentaho] created a ThreadLocal with key of type [java.lang.InheritableThreadLocal] (value [java.lang.InheritableThreadLocal@15bcecf9]) and a value of type [org.pentaho.platform.engine.security.session.TrustedSystemStartupSession] (value [org.pentaho.platform.engine.security.session.TrustedSystemStartupSession@6826c41e]) but failed to remove it when the web application was stopped. This is very likely to create a memory leak.
九月 26, 2017 9:38:36 上午 org.apache.catalina.loader.WebappClassLoader clearThreadLocalMap
严重: The web application [/pentaho] created a ThreadLocal with key of type [java.lang.InheritableThreadLocal] (value [java.lang.InheritableThreadLocal@15bcecf9]) and a value of type [org.pentaho.platform.engine.security.session.TrustedSystemStartupSession] (value [org.pentaho.platform.engine.security.session.TrustedSystemStartupSession@6826c41e]) but failed to remove it when the web application was stopped. This is very likely to create a memory leak.
九月 26, 2017 9:38:36 上午 org.apache.catalina.loader.WebappClassLoader clearThreadLocalMap
严重: The web application [/pentaho] created a ThreadLocal with key of type [java.lang.InheritableThreadLocal] (value [java.lang.InheritableThreadLocal@15bcecf9]) and a value of type [org.pentaho.platform.engine.security.session.TrustedSystemStartupSession] (value [org.pentaho.platform.engine.security.session.TrustedSystemStartupSession@6826c41e]) but failed to remove it when the web application was stopped. This is very likely to create a memory leak.
九月 26, 2017 9:38:36 上午 org.apache.catalina.loader.WebappClassLoader clearThreadLocalMap
严重: The web application [/pentaho] created a ThreadLocal with key of type [java.lang.InheritableThreadLocal] (value [java.lang.InheritableThreadLocal@15bcecf9]) and a value of type [org.pentaho.platform.engine.security.session.TrustedSystemStartupSession] (value [org.pentaho.platform.engine.security.session.TrustedSystemStartupSession@6826c41e]) but failed to remove it when the web application was stopped. This is very likely to create a memory leak.
九月 26, 2017 9:38:36 上午 org.apache.catalina.loader.WebappClassLoader clearThreadLocalMap
严重: The web application [/pentaho] created a ThreadLocal with key of type [java.lang.InheritableThreadLocal] (value [java.lang.InheritableThreadLocal@15bcecf9]) and a value of type [org.pentaho.platform.engine.security.session.TrustedSystemStartupSession] (value [org.pentaho.platform.engine.security.session.TrustedSystemStartupSession@6826c41e]) but failed to remove it when the web application was stopped. This is very likely to create a memory leak.
九月 26, 2017 9:38:36 上午 org.apache.catalina.loader.WebappClassLoader clearThreadLocalMap
严重: The web application [/pentaho] created a ThreadLocal with key of type [java.lang.InheritableThreadLocal] (value [java.lang.InheritableThreadLocal@15bcecf9]) and a value of type [org.pentaho.platform.engine.security.session.TrustedSystemStartupSession] (value [org.pentaho.platform.engine.security.session.TrustedSystemStartupSession@6826c41e]) but failed to remove it when the web application was stopped. This is very likely to create a memory leak.
九月 26, 2017 9:38:36 上午 org.apache.catalina.loader.WebappClassLoader clearThreadLocalMap
严重: The web application [/pentaho] created a ThreadLocal with key of type [java.lang.InheritableThreadLocal] (value [java.lang.InheritableThreadLocal@15bcecf9]) and a value of type [org.pentaho.platform.engine.security.session.TrustedSystemStartupSession] (value [org.pentaho.platform.engine.security.session.TrustedSystemStartupSession@6826c41e]) but failed to remove it when the web application was stopped. This is very likely to create a memory leak.
九月 26, 2017 9:38:36 上午 org.apache.catalina.loader.WebappClassLoader clearThreadLocalMap
严重: The web application [/pentaho] created a ThreadLocal with key of type [java.lang.InheritableThreadLocal] (value [java.lang.InheritableThreadLocal@15bcecf9]) and a value of type [org.pentaho.platform.engine.security.session.TrustedSystemStartupSession] (value [org.pentaho.platform.engine.security.session.TrustedSystemStartupSession@6826c41e]) but failed to remove it when the web application was stopped. This is very likely to create a memory leak.
九月 26, 2017 9:38:36 上午 org.apache.catalina.loader.WebappClassLoader clearThreadLocalMap
严重: The web application [/pentaho] created a ThreadLocal with key of type [java.lang.InheritableThreadLocal] (value [java.lang.InheritableThreadLocal@15bcecf9]) and a value of type [org.pentaho.platform.engine.security.session.TrustedSystemStartupSession] (value [org.pentaho.platform.engine.security.session.TrustedSystemStartupSession@6826c41e]) but failed to remove it when the web application was stopped. This is very likely to create a memory leak.
九月 26, 2017 9:38:36 上午 org.apache.catalina.loader.WebappClassLoader clearThreadLocalMap
严重: The web application [/pentaho] created a ThreadLocal with key of type [java.lang.InheritableThreadLocal] (value [java.lang.InheritableThreadLocal@15bcecf9]) and a value of type [org.pentaho.platform.engine.security.session.TrustedSystemStartupSession] (value [org.pentaho.platform.engine.security.session.TrustedSystemStartupSession@6826c41e]) but failed to remove it when the web application was stopped. This is very likely to create a memory leak.
九月 26, 2017 9:38:36 上午 org.apache.catalina.loader.WebappClassLoader clearThreadLocalMap
严重: The web application [/pentaho] created a ThreadLocal with key of type [java.lang.InheritableThreadLocal] (value [java.lang.InheritableThreadLocal@15bcecf9]) and a value of type [org.pentaho.platform.engine.security.session.TrustedSystemStartupSession] (value [org.pentaho.platform.engine.security.session.TrustedSystemStartupSession@6826c41e]) but failed to remove it when the web application was stopped. This is very likely to create a memory leak.
九月 26, 2017 9:38:36 上午 org.apache.catalina.loader.WebappClassLoader clearThreadLocalMap
严重: The web application [/pentaho] created a ThreadLocal with key of type [java.lang.InheritableThreadLocal] (value [java.lang.InheritableThreadLocal@15bcecf9]) and a value of type [org.pentaho.platform.engine.security.session.TrustedSystemStartupSession] (value [org.pentaho.platform.engine.security.session.TrustedSystemStartupSession@6826c41e]) but failed to remove it when the web application was stopped. This is very likely to create a memory leak.
九月 26, 2017 9:38:36 上午 org.apache.catalina.loader.WebappClassLoader clearThreadLocalMap
严重: The web application [/pentaho] created a ThreadLocal with key of type [java.lang.InheritableThreadLocal] (value [java.lang.InheritableThreadLocal@15bcecf9]) and a value of type [org.pentaho.platform.engine.security.session.TrustedSystemStartupSession] (value [org.pentaho.platform.engine.security.session.TrustedSystemStartupSession@6826c41e]) but failed to remove it when the web application was stopped. This is very likely to create a memory leak.
九月 26, 2017 9:38:36 上午 org.apache.catalina.loader.WebappClassLoader clearThreadLocalMap
严重: The web application [/pentaho] created a ThreadLocal with key of type [java.lang.InheritableThreadLocal] (value [java.lang.InheritableThreadLocal@15bcecf9]) and a value of type [org.pentaho.platform.engine.security.session.TrustedSystemStartupSession] (value [org.pentaho.platform.engine.security.session.TrustedSystemStartupSession@6826c41e]) but failed to remove it when the web application was stopped. This is very likely to create a memory leak.
九月 26, 2017 9:38:36 上午 org.apache.catalina.loader.WebappClassLoader clearThreadLocalMap
严重: The web application [/pentaho] created a ThreadLocal with key of type [java.lang.InheritableThreadLocal] (value [java.lang.InheritableThreadLocal@15bcecf9]) and a value of type [org.pentaho.platform.engine.security.session.TrustedSystemStartupSession] (value [org.pentaho.platform.engine.security.session.TrustedSystemStartupSession@6826c41e]) but failed to remove it when the web application was stopped. This is very likely to create a memory leak.
九月 26, 2017 9:38:36 上午 org.apache.catalina.loader.WebappClassLoader clearThreadLocalMap
严重: The web application [/pentaho] created a ThreadLocal with key of type [java.lang.ThreadLocal] (value [java.lang.ThreadLocal@45964b9e]) and a value of type [org.pentaho.platform.repository.solution.dbbased.DbBasedSolutionRepository] (value [org.pentaho.platform.repository.solution.dbbased.DbBasedSolutionRepository@39aa4b8e]) but failed to remove it when the web application was stopped. This is very likely to create a memory leak.
九月 26, 2017 9:38:36 上午 org.apache.catalina.loader.WebappClassLoader clearThreadLocalMap
严重: The web application [/pentaho] created a ThreadLocal with key of type [java.lang.ThreadLocal] (value [java.lang.ThreadLocal@4f0cdd0f]) and a value of type [org.pentaho.platform.web.http.session.PentahoHttpSession] (value [org.pentaho.platform.web.http.session.PentahoHttpSession@19f9ee17]) but failed to remove it when the web application was stopped. This is very likely to create a memory leak.
九月 26, 2017 9:38:36 上午 org.apache.catalina.loader.WebappClassLoader clearThreadLocalMap
严重: The web application [/pentaho] created a ThreadLocal with key of type [java.lang.ThreadLocal] (value [java.lang.ThreadLocal@45964b9e]) and a value of type [org.pentaho.platform.repository.solution.dbbased.DbBasedSolutionRepository] (value [org.pentaho.platform.repository.solution.dbbased.DbBasedSolutionRepository@4fa451af]) but failed to remove it when the web application was stopped. This is very likely to create a memory leak.
九月 26, 2017 9:38:36 上午 org.apache.catalina.loader.WebappClassLoader clearThreadLocalMap
严重: The web application [/pentaho] created a ThreadLocal with key of type [java.lang.ThreadLocal] (value [java.lang.ThreadLocal@22ea6051]) and a value of type [org.pentaho.platform.web.http.session.PentahoHttpSession] (value [org.pentaho.platform.web.http.session.PentahoHttpSession@494937f5]) but failed to remove it when the web application was stopped. This is very likely to create a memory leak.
九月 26, 2017 9:38:36 上午 org.apache.catalina.loader.WebappClassLoader clearThreadLocalMap
严重: The web application [/pentaho] created a ThreadLocal with key of type [java.lang.ThreadLocal] (value [java.lang.ThreadLocal@45964b9e]) and a value of type [org.pentaho.platform.repository.solution.dbbased.DbBasedSolutionRepository] (value [org.pentaho.platform.repository.solution.dbbased.DbBasedSolutionRepository@2ab5fed5]) but failed to remove it when the web application was stopped. This is very likely to create a memory leak.
九月 26, 2017 9:38:36 上午 org.apache.catalina.loader.WebappClassLoader clearThreadLocalMap
严重: The web application [/pentaho] created a ThreadLocal with key of type [java.lang.ThreadLocal] (value [java.lang.ThreadLocal@22ea6051]) and a value of type [org.pentaho.platform.engine.core.system.StandaloneSession] (value [org.pentaho.platform.engine.core.system.StandaloneSession@1e67175f]) but failed to remove it when the web application was stopped. This is very likely to create a memory leak.
九月 26, 2017 9:38:36 上午 org.apache.catalina.loader.WebappClassLoader clearThreadLocalMap
严重: The web application [/pentaho] created a ThreadLocal with key of type [java.lang.ThreadLocal] (value [java.lang.ThreadLocal@539bb233]) and a value of type [org.pentaho.platform.web.http.session.PentahoHttpSession] (value [org.pentaho.platform.web.http.session.PentahoHttpSession@67bcb21b]) but failed to remove it when the web application was stopped. This is very likely to create a memory leak.
九月 26, 2017 9:38:36 上午 org.apache.catalina.loader.WebappClassLoader clearThreadLocalMap
严重: The web application [/pentaho] created a ThreadLocal with key of type [java.lang.ThreadLocal] (value [java.lang.ThreadLocal@45964b9e]) and a value of type [org.pentaho.platform.repository.solution.dbbased.DbBasedSolutionRepository] (value [org.pentaho.platform.repository.solution.dbbased.DbBasedSolutionRepository@5e41b553]) but failed to remove it when the web application was stopped. This is very likely to create a memory leak.
九月 26, 2017 9:38:36 上午 org.apache.catalina.loader.WebappClassLoader clearThreadLocalMap
严重: The web application [/pentaho] created a ThreadLocal with key of type [java.lang.ThreadLocal] (value [java.lang.ThreadLocal@21b2579d]) and a value of type [org.pentaho.platform.web.http.session.PentahoHttpSession] (value [org.pentaho.platform.web.http.session.PentahoHttpSession@6f69531f]) but failed to remove it when the web application was stopped. This is very likely to create a memory leak.
九月 26, 2017 9:38:38 上午 org.apache.coyote.http11.Http11Protocol destroy
信息: Stopping Coyote HTTP/1.1 on http-8080
九月 26, 2017 9:38:44 上午 org.apache.catalina.core.AprLifecycleListener init
信息: The APR based Apache Tomcat Native library which allows optimal performance in production environments was not found on the java.library.path: C:\Program Files\Java\jdk1.8.0_144\bin;C:\WINDOWS\Sun\Java\bin;C:\WINDOWS\system32;C:\WINDOWS;C:\ProgramData\Oracle\Java\javapath;C:\WINDOWS\system32;C:\WINDOWS;C:\WINDOWS\System32\Wbem;C:\WINDOWS\System32\WindowsPowerShell\v1.0\;C:\Program Files\Java\jdk1.8.0_144\bin;C:\Program Files\Java\jdk1.8.0_144\jre\bin;C:\Users\DELL\AppData\Local\Microsoft\WindowsApps;.
九月 26, 2017 9:38:44 上午 org.apache.coyote.http11.Http11Protocol init
信息: Initializing Coyote HTTP/1.1 on http-8080
九月 26, 2017 9:38:44 上午 org.apache.catalina.startup.Catalina load
信息: Initialization processed in 837 ms
九月 26, 2017 9:38:44 上午 org.apache.catalina.core.StandardService start
信息: Starting service Catalina
九月 26, 2017 9:38:44 上午 org.apache.catalina.core.StandardEngine start
信息: Starting Servlet Engine: Apache Tomcat/6.0.29
九月 26, 2017 9:38:44 上午 org.apache.catalina.startup.HostConfig deployDescriptor
信息: Deploying configuration descriptor pentaho.xml
九月 26, 2017 9:38:45 上午 org.apache.catalina.startup.ContextConfig validateSecurityRoles
信息: WARNING: Security role name PENTAHO_ADMIN used in an <auth-constraint> without being defined in a <security-role>
九月 26, 2017 9:39:02 上午 org.apache.catalina.startup.HostConfig deployDirectory
信息: Deploying web application directory pentaho-style
九月 26, 2017 9:39:03 上午 org.apache.catalina.startup.HostConfig deployDirectory
信息: Deploying web application directory ROOT
九月 26, 2017 9:39:03 上午 org.apache.catalina.startup.HostConfig deployDirectory
信息: Deploying web application directory sw-style
九月 26, 2017 9:39:03 上午 org.apache.coyote.http11.Http11Protocol start
信息: Starting Coyote HTTP/1.1 on http-8080
九月 26, 2017 9:39:03 上午 org.apache.jk.common.ChannelSocket init
信息: JK: ajp13 listening on /0.0.0.0:8009
九月 26, 2017 9:39:03 上午 org.apache.jk.server.JkMain start
信息: Jk running ID=0 time=0/37  config=null
九月 26, 2017 9:39:03 上午 org.apache.catalina.startup.Catalina start
信息: Server startup in 18752 ms
九月 26, 2017 11:15:13 上午 org.apache.catalina.startup.Catalina stopServer
严重: Catalina.stop: 
java.net.ConnectException: Connection refused: connect
	at java.net.DualStackPlainSocketImpl.connect0(Native Method)
	at java.net.DualStackPlainSocketImpl.socketConnect(DualStackPlainSocketImpl.java:79)
	at java.net.AbstractPlainSocketImpl.doConnect(AbstractPlainSocketImpl.java:350)
	at java.net.AbstractPlainSocketImpl.connectToAddress(AbstractPlainSocketImpl.java:206)
	at java.net.AbstractPlainSocketImpl.connect(AbstractPlainSocketImpl.java:188)
	at java.net.PlainSocketImpl.connect(PlainSocketImpl.java:172)
	at java.net.SocksSocketImpl.connect(SocksSocketImpl.java:392)
	at java.net.Socket.connect(Socket.java:589)
	at java.net.Socket.connect(Socket.java:538)
	at java.net.Socket.<init>(Socket.java:434)
	at java.net.Socket.<init>(Socket.java:211)
	at org.apache.catalina.startup.Catalina.stopServer(Catalina.java:408)
	at sun.reflect.NativeMethodAccessorImpl.invoke0(Native Method)
	at sun.reflect.NativeMethodAccessorImpl.invoke(NativeMethodAccessorImpl.java:62)
	at sun.reflect.DelegatingMethodAccessorImpl.invoke(DelegatingMethodAccessorImpl.java:43)
	at java.lang.reflect.Method.invoke(Method.java:498)
	at org.apache.catalina.startup.Bootstrap.stopServer(Bootstrap.java:338)
	at org.apache.catalina.startup.Bootstrap.main(Bootstrap.java:416)

九月 26, 2017 11:15:17 上午 org.apache.catalina.core.AprLifecycleListener init
信息: The APR based Apache Tomcat Native library which allows optimal performance in production environments was not found on the java.library.path: C:\Program Files\Java\jdk1.8.0_144\bin;C:\WINDOWS\Sun\Java\bin;C:\WINDOWS\system32;C:\WINDOWS;C:\ProgramData\Oracle\Java\javapath;C:\WINDOWS\system32;C:\WINDOWS;C:\WINDOWS\System32\Wbem;C:\WINDOWS\System32\WindowsPowerShell\v1.0\;C:\Program Files\Java\jdk1.8.0_144\bin;C:\Program Files\Java\jdk1.8.0_144\jre\bin;C:\Users\DELL\AppData\Local\Microsoft\WindowsApps;.
九月 26, 2017 11:15:17 上午 org.apache.coyote.http11.Http11Protocol init
信息: Initializing Coyote HTTP/1.1 on http-8080
九月 26, 2017 11:15:17 上午 org.apache.catalina.startup.Catalina load
信息: Initialization processed in 788 ms
九月 26, 2017 11:15:17 上午 org.apache.catalina.core.StandardService start
信息: Starting service Catalina
九月 26, 2017 11:15:17 上午 org.apache.catalina.core.StandardEngine start
信息: Starting Servlet Engine: Apache Tomcat/6.0.29
九月 26, 2017 11:15:17 上午 org.apache.catalina.startup.HostConfig deployDescriptor
信息: Deploying configuration descriptor pentaho.xml
九月 26, 2017 11:15:18 上午 org.apache.catalina.startup.ContextConfig validateSecurityRoles
信息: WARNING: Security role name PENTAHO_ADMIN used in an <auth-constraint> without being defined in a <security-role>
九月 26, 2017 11:15:36 上午 org.apache.catalina.startup.HostConfig deployDirectory
信息: Deploying web application directory pentaho-style
九月 26, 2017 11:15:36 上午 org.apache.catalina.startup.HostConfig deployDirectory
信息: Deploying web application directory ROOT
九月 26, 2017 11:15:36 上午 org.apache.catalina.startup.HostConfig deployDirectory
信息: Deploying web application directory sw-style
九月 26, 2017 11:15:36 上午 org.apache.coyote.http11.Http11Protocol start
信息: Starting Coyote HTTP/1.1 on http-8080
九月 26, 2017 11:15:36 上午 org.apache.jk.common.ChannelSocket init
信息: JK: ajp13 listening on /0.0.0.0:8009
九月 26, 2017 11:15:36 上午 org.apache.jk.server.JkMain start
信息: Jk running ID=0 time=0/39  config=null
九月 26, 2017 11:15:36 上午 org.apache.catalina.startup.Catalina start
信息: Server startup in 19288 ms
九月 26, 2017 4:20:34 下午 org.apache.catalina.core.AprLifecycleListener init
信息: The APR based Apache Tomcat Native library which allows optimal performance in production environments was not found on the java.library.path: C:\Program Files\Java\jdk1.8.0_144\bin;C:\WINDOWS\Sun\Java\bin;C:\WINDOWS\system32;C:\WINDOWS;C:\ProgramData\Oracle\Java\javapath;C:\WINDOWS\system32;C:\WINDOWS;C:\WINDOWS\System32\Wbem;C:\WINDOWS\System32\WindowsPowerShell\v1.0\;C:\Program Files\Java\jdk1.8.0_144\bin;C:\Program Files\Java\jdk1.8.0_144\jre\bin;C:\Users\DELL\AppData\Local\Microsoft\WindowsApps;.
九月 26, 2017 4:20:35 下午 org.apache.coyote.http11.Http11Protocol init
信息: Initializing Coyote HTTP/1.1 on http-8080
九月 26, 2017 4:20:35 下午 org.apache.catalina.startup.Catalina load
信息: Initialization processed in 941 ms
九月 26, 2017 4:20:35 下午 org.apache.catalina.core.StandardService start
信息: Starting service Catalina
九月 26, 2017 4:20:35 下午 org.apache.catalina.core.StandardEngine start
信息: Starting Servlet Engine: Apache Tomcat/6.0.29
九月 26, 2017 4:20:35 下午 org.apache.catalina.startup.HostConfig deployDescriptor
信息: Deploying configuration descriptor pentaho.xml
九月 26, 2017 4:20:48 下午 org.apache.catalina.startup.ContextConfig validateSecurityRoles
信息: WARNING: Security role name PENTAHO_ADMIN used in an <auth-constraint> without being defined in a <security-role>
九月 26, 2017 4:21:03 下午 org.apache.catalina.startup.Catalina stopServer
严重: Catalina.stop: 
java.net.ConnectException: Connection refused: connect
	at java.net.DualStackPlainSocketImpl.connect0(Native Method)
	at java.net.DualStackPlainSocketImpl.socketConnect(DualStackPlainSocketImpl.java:79)
	at java.net.AbstractPlainSocketImpl.doConnect(AbstractPlainSocketImpl.java:350)
	at java.net.AbstractPlainSocketImpl.connectToAddress(AbstractPlainSocketImpl.java:206)
	at java.net.AbstractPlainSocketImpl.connect(AbstractPlainSocketImpl.java:188)
	at java.net.PlainSocketImpl.connect(PlainSocketImpl.java:172)
	at java.net.SocksSocketImpl.connect(SocksSocketImpl.java:392)
	at java.net.Socket.connect(Socket.java:589)
	at java.net.Socket.connect(Socket.java:538)
	at java.net.Socket.<init>(Socket.java:434)
	at java.net.Socket.<init>(Socket.java:211)
	at org.apache.catalina.startup.Catalina.stopServer(Catalina.java:408)
	at sun.reflect.NativeMethodAccessorImpl.invoke0(Native Method)
	at sun.reflect.NativeMethodAccessorImpl.invoke(NativeMethodAccessorImpl.java:62)
	at sun.reflect.DelegatingMethodAccessorImpl.invoke(DelegatingMethodAccessorImpl.java:43)
	at java.lang.reflect.Method.invoke(Method.java:498)
	at org.apache.catalina.startup.Bootstrap.stopServer(Bootstrap.java:338)
	at org.apache.catalina.startup.Bootstrap.main(Bootstrap.java:416)

九月 26, 2017 4:21:07 下午 org.apache.catalina.core.AprLifecycleListener init
信息: The APR based Apache Tomcat Native library which allows optimal performance in production environments was not found on the java.library.path: C:\Program Files\Java\jdk1.8.0_144\bin;C:\WINDOWS\Sun\Java\bin;C:\WINDOWS\system32;C:\WINDOWS;C:\ProgramData\Oracle\Java\javapath;C:\WINDOWS\system32;C:\WINDOWS;C:\WINDOWS\System32\Wbem;C:\WINDOWS\System32\WindowsPowerShell\v1.0\;C:\Program Files\Java\jdk1.8.0_144\bin;C:\Program Files\Java\jdk1.8.0_144\jre\bin;C:\Users\DELL\AppData\Local\Microsoft\WindowsApps;.
九月 26, 2017 4:21:07 下午 org.apache.coyote.http11.Http11Protocol init
信息: Initializing Coyote HTTP/1.1 on http-8080
九月 26, 2017 4:21:07 下午 org.apache.catalina.startup.Catalina load
信息: Initialization processed in 915 ms
九月 26, 2017 4:21:07 下午 org.apache.catalina.core.StandardService start
信息: Starting service Catalina
九月 26, 2017 4:21:07 下午 org.apache.catalina.core.StandardEngine start
信息: Starting Servlet Engine: Apache Tomcat/6.0.29
九月 26, 2017 4:21:07 下午 org.apache.catalina.startup.HostConfig deployDescriptor
信息: Deploying configuration descriptor pentaho.xml
九月 26, 2017 4:21:08 下午 org.apache.catalina.startup.ContextConfig validateSecurityRoles
信息: WARNING: Security role name PENTAHO_ADMIN used in an <auth-constraint> without being defined in a <security-role>
九月 26, 2017 4:21:47 下午 org.apache.catalina.startup.HostConfig deployDirectory
信息: Deploying web application directory pentaho-style
九月 26, 2017 4:21:47 下午 org.apache.catalina.startup.HostConfig deployDirectory
信息: Deploying web application directory ROOT
九月 26, 2017 4:21:47 下午 org.apache.catalina.startup.HostConfig deployDirectory
信息: Deploying web application directory sw-style
九月 26, 2017 4:21:47 下午 org.apache.coyote.http11.Http11Protocol start
信息: Starting Coyote HTTP/1.1 on http-8080
九月 26, 2017 4:21:47 下午 org.apache.jk.common.ChannelSocket init
信息: JK: ajp13 listening on /0.0.0.0:8009
九月 26, 2017 4:21:47 下午 org.apache.jk.server.JkMain start
信息: Jk running ID=0 time=0/36  config=null
九月 26, 2017 4:21:47 下午 org.apache.catalina.startup.Catalina start
信息: Server startup in 40203 ms
